2018-12-08 19:49:26.684 170  INFO  akka.event.slf4j.Slf4jLogger [thorSystem-akka.actor.default-dispatcher-2]  - Slf4jLogger started
2018-12-08 19:49:27.576 1062 INFO  com.neo.sk.utils.HttpUtil$ [thorSystem-akka.actor.default-dispatcher-4]  - Get Request [ESheepLink: getLoginInfo] Processing...
2018-12-08 19:49:34.273 7759 INFO  org.seekloud.orbs.core.LoginActor$ [thorSystem-akka.actor.default-dispatcher-4]  - other textMessage：{"HeartBeat":{}}
2018-12-08 19:49:39.264 12750 INFO  org.seekloud.orbs.core.LoginActor$ [thorSystem-akka.actor.default-dispatcher-3]  - other textMessage：{"HeartBeat":{}}
2018-12-08 19:49:44.285 17771 INFO  org.seekloud.orbs.core.LoginActor$ [thorSystem-akka.actor.default-dispatcher-4]  - other textMessage：{"HeartBeat":{}}
2018-12-08 19:49:49.303 22789 INFO  org.seekloud.orbs.core.LoginActor$ [thorSystem-akka.actor.default-dispatcher-4]  - other textMessage：{"HeartBeat":{}}
2018-12-08 19:49:54.324 27810 INFO  org.seekloud.orbs.core.LoginActor$ [thorSystem-akka.actor.default-dispatcher-4]  - other textMessage：{"HeartBeat":{}}
2018-12-08 19:49:59.343 32829 INFO  org.seekloud.orbs.core.LoginActor$ [thorSystem-akka.actor.default-dispatcher-4]  - other textMessage：{"HeartBeat":{}}
2018-12-08 19:50:04.363 37849 INFO  org.seekloud.orbs.core.LoginActor$ [thorSystem-akka.actor.default-dispatcher-3]  - other textMessage：{"HeartBeat":{}}
2018-12-08 19:50:09.384 42870 INFO  org.seekloud.orbs.core.LoginActor$ [thorSystem-akka.actor.default-dispatcher-4]  - other textMessage：{"HeartBeat":{}}
2018-12-08 19:50:14.403 47889 INFO  org.seekloud.orbs.core.LoginActor$ [thorSystem-akka.actor.default-dispatcher-4]  - other textMessage：{"HeartBeat":{}}
2018-12-08 19:50:19.424 52910 INFO  org.seekloud.orbs.core.LoginActor$ [thorSystem-akka.actor.default-dispatcher-3]  - other textMessage：{"HeartBeat":{}}
2018-12-08 19:50:24.443 57929 INFO  org.seekloud.orbs.core.LoginActor$ [thorSystem-akka.actor.default-dispatcher-5]  - other textMessage：{"HeartBeat":{}}
2018-12-08 19:50:29.464 62950 INFO  org.seekloud.orbs.core.LoginActor$ [thorSystem-akka.actor.default-dispatcher-5]  - other textMessage：{"HeartBeat":{}}
2018-12-08 19:50:34.483 67969 INFO  org.seekloud.orbs.core.LoginActor$ [thorSystem-akka.actor.default-dispatcher-5]  - other textMessage：{"HeartBeat":{}}
2018-12-08 19:50:39.503 72989 INFO  org.seekloud.orbs.core.LoginActor$ [thorSystem-akka.actor.default-dispatcher-3]  - other textMessage：{"HeartBeat":{}}
2018-12-08 19:50:44.524 78010 INFO  org.seekloud.orbs.core.LoginActor$ [thorSystem-akka.actor.default-dispatcher-4]  - other textMessage：{"HeartBeat":{}}
2018-12-08 19:50:49.543 83029 INFO  org.seekloud.orbs.core.LoginActor$ [thorSystem-akka.actor.default-dispatcher-3]  - other textMessage：{"HeartBeat":{}}
2018-12-08 19:50:54.563 88049 INFO  org.seekloud.orbs.core.LoginActor$ [thorSystem-akka.actor.default-dispatcher-5]  - other textMessage：{"HeartBeat":{}}
2018-12-08 19:50:59.582 93068 INFO  org.seekloud.orbs.core.LoginActor$ [thorSystem-akka.actor.default-dispatcher-3]  - other textMessage：{"HeartBeat":{}}
2018-12-08 19:51:04.603 98089 INFO  org.seekloud.orbs.core.LoginActor$ [thorSystem-akka.actor.default-dispatcher-3]  - other textMessage：{"HeartBeat":{}}
2018-12-08 19:51:09.624 103110 INFO  org.seekloud.orbs.core.LoginActor$ [thorSystem-akka.actor.default-dispatcher-3]  - other textMessage：{"HeartBeat":{}}
2018-12-08 19:51:14.642 108128 INFO  org.seekloud.orbs.core.LoginActor$ [thorSystem-akka.actor.default-dispatcher-3]  - other textMessage：{"HeartBeat":{}}
2018-12-08 19:51:19.663 113149 INFO  org.seekloud.orbs.core.LoginActor$ [thorSystem-akka.actor.default-dispatcher-5]  - other textMessage：{"HeartBeat":{}}
2018-12-08 19:51:24.683 118169 INFO  org.seekloud.orbs.core.LoginActor$ [thorSystem-akka.actor.default-dispatcher-5]  - other textMessage：{"HeartBeat":{}}
2018-12-08 19:51:29.702 123188 INFO  org.seekloud.orbs.core.LoginActor$ [thorSystem-akka.actor.default-dispatcher-3]  - other textMessage：{"HeartBeat":{}}
2018-12-08 19:51:34.723 128209 INFO  org.seekloud.orbs.core.LoginActor$ [thorSystem-akka.actor.default-dispatcher-5]  - other textMessage：{"HeartBeat":{}}
2018-12-08 19:51:39.742 133228 INFO  org.seekloud.orbs.core.LoginActor$ [thorSystem-akka.actor.default-dispatcher-3]  - other textMessage：{"HeartBeat":{}}
2018-12-08 19:51:44.763 138249 INFO  org.seekloud.orbs.core.LoginActor$ [thorSystem-akka.actor.default-dispatcher-5]  - other textMessage：{"HeartBeat":{}}
2018-12-08 19:51:49.783 143269 INFO  org.seekloud.orbs.core.LoginActor$ [thorSystem-akka.actor.default-dispatcher-3]  - other textMessage：{"HeartBeat":{}}
2018-12-08 19:51:54.802 148288 INFO  org.seekloud.orbs.core.LoginActor$ [thorSystem-akka.actor.default-dispatcher-5]  - other textMessage：{"HeartBeat":{}}
2018-12-08 19:51:59.822 153308 INFO  org.seekloud.orbs.core.LoginActor$ [thorSystem-akka.actor.default-dispatcher-2]  - other textMessage：{"HeartBeat":{}}
2018-12-08 19:52:04.842 158328 INFO  org.seekloud.orbs.core.LoginActor$ [thorSystem-akka.actor.default-dispatcher-2]  - other textMessage：{"HeartBeat":{}}
2018-12-08 19:52:09.863 163349 INFO  org.seekloud.orbs.core.LoginActor$ [thorSystem-akka.actor.default-dispatcher-5]  - other textMessage：{"HeartBeat":{}}
2018-12-08 19:52:14.881 168367 INFO  org.seekloud.orbs.core.LoginActor$ [thorSystem-akka.actor.default-dispatcher-5]  - other textMessage：{"HeartBeat":{}}
2018-12-08 19:52:19.902 173388 INFO  org.seekloud.orbs.core.LoginActor$ [thorSystem-akka.actor.default-dispatcher-2]  - other textMessage：{"HeartBeat":{}}
2018-12-08 19:52:24.922 178408 INFO  org.seekloud.orbs.core.LoginActor$ [thorSystem-akka.actor.default-dispatcher-5]  - other textMessage：{"HeartBeat":{}}
2018-12-08 19:52:25.310 178796 INFO  org.seekloud.orbs.core.LoginActor$ [thorSystem-akka.actor.default-dispatcher-5]  - Ws4AgentRsp: {"Ws4AgentRsp":{"data":{"userId":10002,"nickname":"Arrow","token":"94a2a505fa16e39cd73e3167221ca588ad5f030b","tokenExpireTime":7200,"headImg":"http://thirdwx.qlogo.cn/mmopen/vi_32/Q0j4TwGTfTLHQUZSdRCcBDQLI49Y1B2z50CLtoVvLmtibKCUAnFV3Z8ibL7mjzOGcAUmlRSaNjlE0ibRuK1G0yvCg/132","gender":2},"errCode":0,"msg":"ok"}}
2018-12-08 19:52:25.430 178916 INFO  com.neo.sk.utils.HttpUtil$ [thorSystem-akka.actor.default-dispatcher-3]  - Post Request [ESheepLink: linkGame(getAccessCode)] Processing...
2018-12-08 19:52:25.637 179123 INFO  org.seekloud.orbs.core.TokenActor$ [thorSystem-akka.actor.default-dispatcher-3]  - init GameInfo success: | ClientJoinGameRsp(JoinGameInfo(Sca866XmDgFEYbSVVYThH85fdObMjSO7,GameServerInfo(10.1.29.250,30376,flowdev.neoap.com)),0,ok)
2018-12-08 19:52:25.727 179213 INFO  com.neo.sk.utils.HttpUtil$ [thorSystem-akka.actor.default-dispatcher-3]  - Post Request [getRoomList-orbs] Processing...
2018-12-08 19:52:29.942 183428 INFO  org.seekloud.orbs.core.LoginActor$ [thorSystem-akka.actor.default-dispatcher-5]  - other textMessage：{"HeartBeat":{}}
2018-12-08 19:52:34.961 188447 INFO  org.seekloud.orbs.core.LoginActor$ [thorSystem-akka.actor.default-dispatcher-2]  - other textMessage：{"HeartBeat":{}}
2018-12-08 19:52:35.286 188772 INFO  org.seekloud.orbs.core.LoginActor$ [thorSystem-akka.actor.default-dispatcher-5]  - webSocket closed
2018-12-08 20:00:43.912 677398 INFO  com.neo.sk.utils.HttpUtil$ [thorSystem-akka.actor.default-dispatcher-4]  - Post Request [ESheepLink: refreshToken] Processing...
2018-12-08 20:40:53.230 182  INFO  akka.event.slf4j.Slf4jLogger [thorSystem-akka.actor.default-dispatcher-2]  - Slf4jLogger started
2018-12-08 20:40:54.314 1266 INFO  com.neo.sk.utils.HttpUtil$ [thorSystem-akka.actor.default-dispatcher-2]  - Get Request [ESheepLink: getLoginInfo] Processing...
2018-12-08 20:41:00.925 7877 INFO  org.seekloud.orbs.core.LoginActor$ [thorSystem-akka.actor.default-dispatcher-3]  - other textMessage：{"HeartBeat":{}}
2018-12-08 20:41:02.865 9817 INFO  org.seekloud.orbs.core.LoginActor$ [thorSystem-akka.actor.default-dispatcher-4]  - Ws4AgentRsp: {"Ws4AgentRsp":{"data":{"userId":10002,"nickname":"Arrow","token":"90194eff83a1f3407694fe81d25c73e7d412f617","tokenExpireTime":7200,"headImg":"http://thirdwx.qlogo.cn/mmopen/vi_32/Q0j4TwGTfTLHQUZSdRCcBDQLI49Y1B2z50CLtoVvLmtibKCUAnFV3Z8ibL7mjzOGcAUmlRSaNjlE0ibRuK1G0yvCg/132","gender":2},"errCode":0,"msg":"ok"}}
2018-12-08 20:41:02.978 9930 INFO  com.neo.sk.utils.HttpUtil$ [thorSystem-akka.actor.default-dispatcher-3]  - Post Request [ESheepLink: linkGame(getAccessCode)] Processing...
2018-12-08 20:41:03.140 10092 INFO  org.seekloud.orbs.core.TokenActor$ [thorSystem-akka.actor.default-dispatcher-3]  - init GameInfo success: | ClientJoinGameRsp(JoinGameInfo(ofwGMYrbkgEEnVJlXqc9991Ms0ybdXpF,GameServerInfo(10.1.29.250,30376,flowdev.neoap.com)),0,ok)
2018-12-08 20:41:03.214 10166 INFO  com.neo.sk.utils.HttpUtil$ [thorSystem-akka.actor.default-dispatcher-3]  - Post Request [getRoomList-orbs] Processing...
2018-12-08 20:41:05.834 12786 INFO  org.seekloud.orbs.core.LoginActor$ [thorSystem-akka.actor.default-dispatcher-2]  - other textMessage：{"HeartBeat":{}}
2018-12-08 20:41:10.856 17808 INFO  org.seekloud.orbs.core.LoginActor$ [thorSystem-akka.actor.default-dispatcher-12]  - other textMessage：{"HeartBeat":{}}
2018-12-08 20:41:12.847 19799 INFO  org.seekloud.orbs.core.LoginActor$ [thorSystem-akka.actor.default-dispatcher-12]  - webSocket closed
2018-12-08 20:44:00.044 152  INFO  akka.event.slf4j.Slf4jLogger [thorSystem-akka.actor.default-dispatcher-2]  - Slf4jLogger started
2018-12-08 20:44:00.773 881  INFO  com.neo.sk.utils.HttpUtil$ [thorSystem-akka.actor.default-dispatcher-4]  - Get Request [ESheepLink: getLoginInfo] Processing...
2018-12-08 20:44:07.051 7159 INFO  org.seekloud.orbs.core.LoginActor$ [thorSystem-akka.actor.default-dispatcher-5]  - other textMessage：{"HeartBeat":{}}
2018-12-08 20:44:09.690 9798 INFO  org.seekloud.orbs.core.LoginActor$ [thorSystem-akka.actor.default-dispatcher-2]  - Ws4AgentRsp: {"Ws4AgentRsp":{"data":{"userId":10002,"nickname":"Arrow","token":"708a0b6b8414d2077117f21e482445889c71be43","tokenExpireTime":7200,"headImg":"http://thirdwx.qlogo.cn/mmopen/vi_32/Q0j4TwGTfTLHQUZSdRCcBDQLI49Y1B2z50CLtoVvLmtibKCUAnFV3Z8ibL7mjzOGcAUmlRSaNjlE0ibRuK1G0yvCg/132","gender":2},"errCode":0,"msg":"ok"}}
2018-12-08 20:44:09.727 9835 INFO  com.neo.sk.utils.HttpUtil$ [thorSystem-akka.actor.default-dispatcher-4]  - Post Request [ESheepLink: linkGame(getAccessCode)] Processing...
2018-12-08 20:44:09.758 9866 INFO  org.seekloud.orbs.core.TokenActor$ [thorSystem-akka.actor.default-dispatcher-4]  - init GameInfo success: | ClientJoinGameRsp(JoinGameInfo(OOE9miJGxMBgf6O9YcJBaKFaSdYftyrQ,GameServerInfo(10.1.29.250,30376,flowdev.neoap.com)),0,ok)
2018-12-08 20:44:09.774 9882 INFO  com.neo.sk.utils.HttpUtil$ [thorSystem-akka.actor.default-dispatcher-4]  - Post Request [getRoomList-orbs] Processing...
2018-12-08 20:44:12.043 12151 INFO  org.seekloud.orbs.core.LoginActor$ [thorSystem-akka.actor.default-dispatcher-3]  - other textMessage：{"HeartBeat":{}}
2018-12-08 20:44:17.062 17170 INFO  org.seekloud.orbs.core.LoginActor$ [thorSystem-akka.actor.default-dispatcher-4]  - other textMessage：{"HeartBeat":{}}
2018-12-08 20:44:17.968 18076 INFO  org.seekloud.orbs.core.LoginActor$ [thorSystem-akka.actor.default-dispatcher-5]  - webSocket closed
2018-12-08 20:45:48.774 153  INFO  akka.event.slf4j.Slf4jLogger [thorSystem-akka.actor.default-dispatcher-3]  - Slf4jLogger started
2018-12-08 20:45:49.533 912  INFO  com.neo.sk.utils.HttpUtil$ [thorSystem-akka.actor.default-dispatcher-4]  - Get Request [ESheepLink: getLoginInfo] Processing...
2018-12-08 20:45:55.910 7289 INFO  org.seekloud.orbs.core.LoginActor$ [thorSystem-akka.actor.default-dispatcher-4]  - other textMessage：{"HeartBeat":{}}
2018-12-08 20:45:56.809 8188 INFO  org.seekloud.orbs.core.LoginActor$ [thorSystem-akka.actor.default-dispatcher-4]  - Ws4AgentRsp: {"Ws4AgentRsp":{"data":{"userId":10002,"nickname":"Arrow","token":"20178a36189462cb22507ede9ec6e0c3ff7e8d1c","tokenExpireTime":7200,"headImg":"http://thirdwx.qlogo.cn/mmopen/vi_32/Q0j4TwGTfTLHQUZSdRCcBDQLI49Y1B2z50CLtoVvLmtibKCUAnFV3Z8ibL7mjzOGcAUmlRSaNjlE0ibRuK1G0yvCg/132","gender":2},"errCode":0,"msg":"ok"}}
2018-12-08 20:45:56.840 8219 INFO  com.neo.sk.utils.HttpUtil$ [thorSystem-akka.actor.default-dispatcher-3]  - Post Request [ESheepLink: linkGame(getAccessCode)] Processing...
2018-12-08 20:45:56.877 8256 INFO  org.seekloud.orbs.core.TokenActor$ [thorSystem-akka.actor.default-dispatcher-3]  - init GameInfo success: | ClientJoinGameRsp(JoinGameInfo(zwPpV1Xz8EHqQjTvTu6rHJYgfivbxBD0,GameServerInfo(10.1.29.250,30376,flowdev.neoap.com)),0,ok)
2018-12-08 20:45:56.893 8272 INFO  com.neo.sk.utils.HttpUtil$ [thorSystem-akka.actor.default-dispatcher-3]  - Post Request [getRoomList-orbs] Processing...
2018-12-08 20:46:00.902 12281 INFO  org.seekloud.orbs.core.LoginActor$ [thorSystem-akka.actor.default-dispatcher-3]  - other textMessage：{"HeartBeat":{}}
2018-12-08 20:46:05.921 17300 INFO  org.seekloud.orbs.core.LoginActor$ [thorSystem-akka.actor.default-dispatcher-4]  - other textMessage：{"HeartBeat":{}}
2018-12-08 20:46:06.832 18211 INFO  org.seekloud.orbs.core.LoginActor$ [thorSystem-akka.actor.default-dispatcher-13]  - webSocket closed
2018-12-08 20:46:17.974 158  INFO  akka.event.slf4j.Slf4jLogger [thorSystem-akka.actor.default-dispatcher-2]  - Slf4jLogger started
2018-12-08 20:46:18.705 889  INFO  com.neo.sk.utils.HttpUtil$ [thorSystem-akka.actor.default-dispatcher-3]  - Get Request [ESheepLink: getLoginInfo] Processing...
2018-12-08 20:46:23.548 5732 INFO  org.seekloud.orbs.core.LoginActor$ [thorSystem-akka.actor.default-dispatcher-4]  - Ws4AgentRsp: {"Ws4AgentRsp":{"data":{"userId":10002,"nickname":"Arrow","token":"c35bcf81497283f1fba1885449cd020eb65d4696","tokenExpireTime":7200,"headImg":"http://thirdwx.qlogo.cn/mmopen/vi_32/Q0j4TwGTfTLHQUZSdRCcBDQLI49Y1B2z50CLtoVvLmtibKCUAnFV3Z8ibL7mjzOGcAUmlRSaNjlE0ibRuK1G0yvCg/132","gender":2},"errCode":0,"msg":"ok"}}
2018-12-08 20:46:23.584 5768 INFO  com.neo.sk.utils.HttpUtil$ [thorSystem-akka.actor.default-dispatcher-2]  - Post Request [ESheepLink: linkGame(getAccessCode)] Processing...
2018-12-08 20:46:23.618 5802 INFO  org.seekloud.orbs.core.TokenActor$ [thorSystem-akka.actor.default-dispatcher-2]  - init GameInfo success: | ClientJoinGameRsp(JoinGameInfo(E1slejGND8VP5aiTevJbZj8KCnUaIHRi,GameServerInfo(10.1.29.250,30376,flowdev.neoap.com)),0,ok)
2018-12-08 20:46:23.633 5817 INFO  com.neo.sk.utils.HttpUtil$ [thorSystem-akka.actor.default-dispatcher-2]  - Post Request [getRoomList-orbs] Processing...
2018-12-08 20:46:25.038 7222 INFO  org.seekloud.orbs.core.LoginActor$ [thorSystem-akka.actor.default-dispatcher-2]  - other textMessage：{"HeartBeat":{}}
2018-12-08 20:46:30.054 12238 INFO  org.seekloud.orbs.core.LoginActor$ [thorSystem-akka.actor.default-dispatcher-4]  - other textMessage：{"HeartBeat":{}}
2018-12-08 20:46:33.544 15728 INFO  org.seekloud.orbs.core.LoginActor$ [thorSystem-akka.actor.default-dispatcher-5]  - webSocket closed
2018-12-08 20:53:54.335 167  INFO  akka.event.slf4j.Slf4jLogger [thorSystem-akka.actor.default-dispatcher-2]  - Slf4jLogger started
2018-12-08 20:53:55.082 914  INFO  com.neo.sk.utils.HttpUtil$ [thorSystem-akka.actor.default-dispatcher-4]  - Get Request [ESheepLink: getLoginInfo] Processing...
2018-12-08 20:54:00.206 6038 INFO  org.seekloud.orbs.core.LoginActor$ [thorSystem-akka.actor.default-dispatcher-4]  - Ws4AgentRsp: {"Ws4AgentRsp":{"data":{"userId":10002,"nickname":"Arrow","token":"19273ef527da4998088a09e41ca134e24f5f8dd8","tokenExpireTime":7200,"headImg":"http://thirdwx.qlogo.cn/mmopen/vi_32/Q0j4TwGTfTLHQUZSdRCcBDQLI49Y1B2z50CLtoVvLmtibKCUAnFV3Z8ibL7mjzOGcAUmlRSaNjlE0ibRuK1G0yvCg/132","gender":2},"errCode":0,"msg":"ok"}}
2018-12-08 20:54:00.241 6073 INFO  com.neo.sk.utils.HttpUtil$ [thorSystem-akka.actor.default-dispatcher-3]  - Post Request [ESheepLink: linkGame(getAccessCode)] Processing...
2018-12-08 20:54:00.570 6402 INFO  org.seekloud.orbs.core.TokenActor$ [thorSystem-akka.actor.default-dispatcher-4]  - init GameInfo success: | ClientJoinGameRsp(JoinGameInfo(iwYyH6qD8mdRVF1yTXC3zzt0jnPATn8j,GameServerInfo(10.1.29.250,30376,flowdev.neoap.com)),0,ok)
2018-12-08 20:54:00.581 6413 INFO  com.neo.sk.utils.HttpUtil$ [thorSystem-akka.actor.default-dispatcher-4]  - Post Request [getRoomList-orbs] Processing...
2018-12-08 20:54:01.422 7254 INFO  org.seekloud.orbs.core.LoginActor$ [thorSystem-akka.actor.default-dispatcher-4]  - other textMessage：{"HeartBeat":{}}
2018-12-08 20:54:06.438 12270 INFO  org.seekloud.orbs.core.LoginActor$ [thorSystem-akka.actor.default-dispatcher-4]  - other textMessage：{"HeartBeat":{}}
2018-12-08 21:08:52.846 173  INFO  akka.event.slf4j.Slf4jLogger [thorSystem-akka.actor.default-dispatcher-2]  - Slf4jLogger started
2018-12-08 21:08:53.882 1209 INFO  com.neo.sk.utils.HttpUtil$ [thorSystem-akka.actor.default-dispatcher-2]  - Get Request [ESheepLink: getLoginInfo] Processing...
2018-12-08 21:09:00.921 8248 INFO  org.seekloud.orbs.core.LoginActor$ [thorSystem-akka.actor.default-dispatcher-2]  - other textMessage：{"HeartBeat":{}}
2018-12-08 21:09:01.530 8857 INFO  org.seekloud.orbs.core.LoginActor$ [thorSystem-akka.actor.default-dispatcher-5]  - Ws4AgentRsp: {"Ws4AgentRsp":{"data":{"userId":10002,"nickname":"Arrow","token":"75751e0bcfbd9ec21d06a56f06ca385291a2ea08","tokenExpireTime":7200,"headImg":"http://thirdwx.qlogo.cn/mmopen/vi_32/Q0j4TwGTfTLHQUZSdRCcBDQLI49Y1B2z50CLtoVvLmtibKCUAnFV3Z8ibL7mjzOGcAUmlRSaNjlE0ibRuK1G0yvCg/132","gender":2},"errCode":0,"msg":"ok"}}
2018-12-08 21:09:01.661 8988 INFO  com.neo.sk.utils.HttpUtil$ [thorSystem-akka.actor.default-dispatcher-2]  - Post Request [ESheepLink: linkGame(getAccessCode)] Processing...
2018-12-08 21:09:01.821 9148 INFO  org.seekloud.orbs.core.TokenActor$ [thorSystem-akka.actor.default-dispatcher-2]  - init GameInfo success: | ClientJoinGameRsp(JoinGameInfo(hJkPtHTZcpD9VA1pvzldGJSX8mFpHrYS,GameServerInfo(10.1.29.250,30376,flowdev.neoap.com)),0,ok)
2018-12-08 21:09:01.888 9215 INFO  com.neo.sk.utils.HttpUtil$ [thorSystem-akka.actor.default-dispatcher-2]  - Post Request [getRoomList-orbs] Processing...
2018-12-08 21:09:05.841 13168 INFO  org.seekloud.orbs.core.LoginActor$ [thorSystem-akka.actor.default-dispatcher-2]  - other textMessage：{"HeartBeat":{}}
2018-12-08 21:09:10.860 18187 INFO  org.seekloud.orbs.core.LoginActor$ [thorSystem-akka.actor.default-dispatcher-2]  - other textMessage：{"HeartBeat":{}}
2018-12-08 21:09:11.494 18821 INFO  org.seekloud.orbs.core.LoginActor$ [thorSystem-akka.actor.default-dispatcher-5]  - webSocket closed
2018-12-08 21:13:21.574 172  INFO  akka.event.slf4j.Slf4jLogger [thorSystem-akka.actor.default-dispatcher-3]  - Slf4jLogger started
2018-12-08 21:13:22.317 915  INFO  com.neo.sk.utils.HttpUtil$ [thorSystem-akka.actor.default-dispatcher-2]  - Get Request [ESheepLink: getLoginInfo] Processing...
2018-12-08 21:13:29.605 8203 INFO  org.seekloud.orbs.core.LoginActor$ [thorSystem-akka.actor.default-dispatcher-4]  - Ws4AgentRsp: {"Ws4AgentRsp":{"data":{"userId":10002,"nickname":"Arrow","token":"56a27d0920e993e51be9664f68d6b65dc4a4924e","tokenExpireTime":7200,"headImg":"http://thirdwx.qlogo.cn/mmopen/vi_32/Q0j4TwGTfTLHQUZSdRCcBDQLI49Y1B2z50CLtoVvLmtibKCUAnFV3Z8ibL7mjzOGcAUmlRSaNjlE0ibRuK1G0yvCg/132","gender":2},"errCode":0,"msg":"ok"}}
2018-12-08 21:13:29.644 8242 INFO  com.neo.sk.utils.HttpUtil$ [thorSystem-akka.actor.default-dispatcher-2]  - Post Request [ESheepLink: linkGame(getAccessCode)] Processing...
2018-12-08 21:13:29.674 8272 INFO  org.seekloud.orbs.core.TokenActor$ [thorSystem-akka.actor.default-dispatcher-2]  - init GameInfo success: | ClientJoinGameRsp(JoinGameInfo(rB1UOdC9SGyPNloKUbnfbgMeY4shiIGe,GameServerInfo(10.1.29.250,30376,flowdev.neoap.com)),0,ok)
2018-12-08 21:13:29.691 8289 INFO  com.neo.sk.utils.HttpUtil$ [thorSystem-akka.actor.default-dispatcher-2]  - Post Request [getRoomList-orbs] Processing...
2018-12-08 21:13:31.631 10229 INFO  org.seekloud.orbs.core.LoginActor$ [thorSystem-akka.actor.default-dispatcher-2]  - other textMessage：{"HeartBeat":{}}
2018-12-08 21:13:36.647 15245 INFO  org.seekloud.orbs.core.LoginActor$ [thorSystem-akka.actor.default-dispatcher-4]  - other textMessage：{"HeartBeat":{}}
2018-12-08 21:13:39.603 18201 INFO  org.seekloud.orbs.core.LoginActor$ [thorSystem-akka.actor.default-dispatcher-12]  - webSocket closed
2018-12-08 21:19:43.980 185  INFO  akka.event.slf4j.Slf4jLogger [thorSystem-akka.actor.default-dispatcher-2]  - Slf4jLogger started
2018-12-08 21:19:44.761 966  INFO  com.neo.sk.utils.HttpUtil$ [thorSystem-akka.actor.default-dispatcher-3]  - Get Request [ESheepLink: getLoginInfo] Processing...
2018-12-08 21:19:51.162 7367 INFO  org.seekloud.orbs.core.LoginActor$ [thorSystem-akka.actor.default-dispatcher-3]  - other textMessage：{"HeartBeat":{}}
2018-12-08 21:19:53.679 9884 INFO  org.seekloud.orbs.core.LoginActor$ [thorSystem-akka.actor.default-dispatcher-3]  - Ws4AgentRsp: {"Ws4AgentRsp":{"data":{"userId":10002,"nickname":"Arrow","token":"36ec3de72e73666f5f71ea9c7cdd3a3327c372df","tokenExpireTime":7200,"headImg":"http://thirdwx.qlogo.cn/mmopen/vi_32/Q0j4TwGTfTLHQUZSdRCcBDQLI49Y1B2z50CLtoVvLmtibKCUAnFV3Z8ibL7mjzOGcAUmlRSaNjlE0ibRuK1G0yvCg/132","gender":2},"errCode":0,"msg":"ok"}}
2018-12-08 21:19:53.714 9919 INFO  com.neo.sk.utils.HttpUtil$ [thorSystem-akka.actor.default-dispatcher-4]  - Post Request [ESheepLink: linkGame(getAccessCode)] Processing...
2018-12-08 21:19:53.745 9950 INFO  org.seekloud.orbs.core.TokenActor$ [thorSystem-akka.actor.default-dispatcher-4]  - init GameInfo success: | ClientJoinGameRsp(JoinGameInfo(VHHJLNw4PMLJVyM7XziC6Xlhpb5q0r1f,GameServerInfo(10.1.29.250,30376,flowdev.neoap.com)),0,ok)
2018-12-08 21:19:53.761 9966 INFO  com.neo.sk.utils.HttpUtil$ [thorSystem-akka.actor.default-dispatcher-4]  - Post Request [getRoomList-orbs] Processing...
2018-12-08 21:19:56.153 12358 INFO  org.seekloud.orbs.core.LoginActor$ [thorSystem-akka.actor.default-dispatcher-4]  - other textMessage：{"HeartBeat":{}}
2018-12-08 21:20:01.173 17378 INFO  org.seekloud.orbs.core.LoginActor$ [thorSystem-akka.actor.default-dispatcher-3]  - other textMessage：{"HeartBeat":{}}
2018-12-08 21:20:03.700 19905 INFO  org.seekloud.orbs.core.LoginActor$ [thorSystem-akka.actor.default-dispatcher-12]  - webSocket closed
2018-12-08 21:21:11.567 147  INFO  akka.event.slf4j.Slf4jLogger [thorSystem-akka.actor.default-dispatcher-2]  - Slf4jLogger started
2018-12-08 21:21:12.341 921  INFO  com.neo.sk.utils.HttpUtil$ [thorSystem-akka.actor.default-dispatcher-4]  - Get Request [ESheepLink: getLoginInfo] Processing...
2018-12-08 21:21:18.632 7212 INFO  org.seekloud.orbs.core.LoginActor$ [thorSystem-akka.actor.default-dispatcher-5]  - other textMessage：{"HeartBeat":{}}
2018-12-08 21:21:23.623 12203 INFO  org.seekloud.orbs.core.LoginActor$ [thorSystem-akka.actor.default-dispatcher-5]  - other textMessage：{"HeartBeat":{}}
2018-12-08 21:21:23.848 12428 INFO  org.seekloud.orbs.core.LoginActor$ [thorSystem-akka.actor.default-dispatcher-4]  - Ws4AgentRsp: {"Ws4AgentRsp":{"data":{"userId":10002,"nickname":"Arrow","token":"d5987c8d6a144d930637ab7c55f1f4041ab73aee","tokenExpireTime":7200,"headImg":"http://thirdwx.qlogo.cn/mmopen/vi_32/Q0j4TwGTfTLHQUZSdRCcBDQLI49Y1B2z50CLtoVvLmtibKCUAnFV3Z8ibL7mjzOGcAUmlRSaNjlE0ibRuK1G0yvCg/132","gender":2},"errCode":0,"msg":"ok"}}
2018-12-08 21:21:23.883 12463 INFO  com.neo.sk.utils.HttpUtil$ [thorSystem-akka.actor.default-dispatcher-5]  - Post Request [ESheepLink: linkGame(getAccessCode)] Processing...
2018-12-08 21:21:23.915 12495 INFO  org.seekloud.orbs.core.TokenActor$ [thorSystem-akka.actor.default-dispatcher-5]  - init GameInfo success: | ClientJoinGameRsp(JoinGameInfo(giOrP7VK8163u4UEqIoEvHxTEUy8ETCy,GameServerInfo(10.1.29.250,30376,flowdev.neoap.com)),0,ok)
2018-12-08 21:21:23.930 12510 INFO  com.neo.sk.utils.HttpUtil$ [thorSystem-akka.actor.default-dispatcher-5]  - Post Request [getRoomList-orbs] Processing...
2018-12-08 21:21:29.115 17695 INFO  org.seekloud.orbs.core.LoginActor$ [thorSystem-akka.actor.default-dispatcher-2]  - other textMessage：{"HeartBeat":{}}
2018-12-08 21:21:33.662 22242 INFO  org.seekloud.orbs.core.LoginActor$ [thorSystem-akka.actor.default-dispatcher-4]  - other textMessage：{"HeartBeat":{}}
2018-12-08 21:21:33.902 22482 INFO  org.seekloud.orbs.core.LoginActor$ [thorSystem-akka.actor.default-dispatcher-3]  - webSocket closed
2018-12-08 21:29:45.121 192  INFO  akka.event.slf4j.Slf4jLogger [thorSystem-akka.actor.default-dispatcher-3]  - Slf4jLogger started
2018-12-08 21:29:45.948 1019 INFO  com.neo.sk.utils.HttpUtil$ [thorSystem-akka.actor.default-dispatcher-4]  - Get Request [ESheepLink: getLoginInfo] Processing...
2018-12-08 21:29:52.308 7379 INFO  org.seekloud.orbs.core.LoginActor$ [thorSystem-akka.actor.default-dispatcher-4]  - other textMessage：{"HeartBeat":{}}
2018-12-08 21:29:54.554 9625 INFO  org.seekloud.orbs.core.LoginActor$ [thorSystem-akka.actor.default-dispatcher-2]  - Ws4AgentRsp: {"Ws4AgentRsp":{"data":{"userId":10002,"nickname":"Arrow","token":"12f624218c25f5ed4f81345b0742b0637570f405","tokenExpireTime":7200,"headImg":"http://thirdwx.qlogo.cn/mmopen/vi_32/Q0j4TwGTfTLHQUZSdRCcBDQLI49Y1B2z50CLtoVvLmtibKCUAnFV3Z8ibL7mjzOGcAUmlRSaNjlE0ibRuK1G0yvCg/132","gender":2},"errCode":0,"msg":"ok"}}
2018-12-08 21:29:54.589 9660 INFO  com.neo.sk.utils.HttpUtil$ [thorSystem-akka.actor.default-dispatcher-4]  - Post Request [ESheepLink: linkGame(getAccessCode)] Processing...
2018-12-08 21:29:54.620 9691 INFO  org.seekloud.orbs.core.TokenActor$ [thorSystem-akka.actor.default-dispatcher-4]  - init GameInfo success: | ClientJoinGameRsp(JoinGameInfo(pucNpQlUOv6LbZS8UEx1sWuPGByZNup6,GameServerInfo(10.1.29.250,30376,flowdev.neoap.com)),0,ok)
2018-12-08 21:29:54.636 9707 INFO  com.neo.sk.utils.HttpUtil$ [thorSystem-akka.actor.default-dispatcher-4]  - Post Request [getRoomList-orbs] Processing...
2018-12-08 21:29:57.300 12371 INFO  org.seekloud.orbs.core.LoginActor$ [thorSystem-akka.actor.default-dispatcher-5]  - other textMessage：{"HeartBeat":{}}
2018-12-08 21:30:02.320 17391 INFO  org.seekloud.orbs.core.LoginActor$ [thorSystem-akka.actor.default-dispatcher-2]  - other textMessage：{"HeartBeat":{}}
2018-12-08 21:30:04.574 19645 INFO  org.seekloud.orbs.core.LoginActor$ [thorSystem-akka.actor.default-dispatcher-2]  - webSocket closed
2018-12-08 21:30:52.020 189  INFO  akka.event.slf4j.Slf4jLogger [thorSystem-akka.actor.default-dispatcher-3]  - Slf4jLogger started
2018-12-08 21:30:52.813 982  INFO  com.neo.sk.utils.HttpUtil$ [thorSystem-akka.actor.default-dispatcher-4]  - Get Request [ESheepLink: getLoginInfo] Processing...
2018-12-08 21:30:59.437 7606 INFO  org.seekloud.orbs.core.LoginActor$ [thorSystem-akka.actor.default-dispatcher-4]  - other textMessage：{"HeartBeat":{}}
2018-12-08 21:30:59.792 7961 INFO  org.seekloud.orbs.core.LoginActor$ [thorSystem-akka.actor.default-dispatcher-2]  - Ws4AgentRsp: {"Ws4AgentRsp":{"data":{"userId":10002,"nickname":"Arrow","token":"4458784a95460c319d4f6bd20036aecc97ec91fa","tokenExpireTime":7200,"headImg":"http://thirdwx.qlogo.cn/mmopen/vi_32/Q0j4TwGTfTLHQUZSdRCcBDQLI49Y1B2z50CLtoVvLmtibKCUAnFV3Z8ibL7mjzOGcAUmlRSaNjlE0ibRuK1G0yvCg/132","gender":2},"errCode":0,"msg":"ok"}}
2018-12-08 21:30:59.828 7997 INFO  com.neo.sk.utils.HttpUtil$ [thorSystem-akka.actor.default-dispatcher-4]  - Post Request [ESheepLink: linkGame(getAccessCode)] Processing...
2018-12-08 21:30:59.871 8040 INFO  org.seekloud.orbs.core.TokenActor$ [thorSystem-akka.actor.default-dispatcher-4]  - init GameInfo success: | ClientJoinGameRsp(JoinGameInfo(TlYOdRtJ6zhMEN8A7nhlLqh8wLcMzV4g,GameServerInfo(10.1.29.250,30376,flowdev.neoap.com)),0,ok)
2018-12-08 21:30:59.887 8056 INFO  com.neo.sk.utils.HttpUtil$ [thorSystem-akka.actor.default-dispatcher-4]  - Post Request [getRoomList-orbs] Processing...
2018-12-08 21:31:04.893 13062 INFO  org.seekloud.orbs.core.LoginActor$ [thorSystem-akka.actor.default-dispatcher-3]  - other textMessage：{"HeartBeat":{}}
2018-12-08 21:31:09.448 17617 INFO  org.seekloud.orbs.core.LoginActor$ [thorSystem-akka.actor.default-dispatcher-3]  - other textMessage：{"HeartBeat":{}}
2018-12-08 21:31:09.812 17981 INFO  org.seekloud.orbs.core.LoginActor$ [thorSystem-akka.actor.default-dispatcher-2]  - webSocket closed
2018-12-08 21:32:39.982 108151 INFO  akka.actor.RepointableActorRef [thorSystem-akka.actor.default-dispatcher-3] akka://thorSystem/system/StreamSupervisor-0/flow-6-1-actorRefSource - Message [org.seekloud.orbs.shared.ptcl.protocol.orbsGame$PingPackage] without sender to Actor[akka://thorSystem/system/StreamSupervisor-0/flow-6-1-actorRefSource#-1140539747] was not delivered. [1] dead letters encountered. If this is not an expected behavior, then [Actor[akka://thorSystem/system/StreamSupervisor-0/flow-6-1-actorRefSource#-1140539747]] may have terminated unexpectedly, This logging can be turned off or adjusted with configuration settings 'akka.log-dead-letters' and 'akka.log-dead-letters-during-shutdown'.
2018-12-08 21:32:41.032 109201 INFO  akka.actor.RepointableActorRef [thorSystem-akka.actor.default-dispatcher-2] akka://thorSystem/system/StreamSupervisor-0/flow-6-1-actorRefSource - Message [org.seekloud.orbs.shared.ptcl.protocol.orbsGame$PingPackage] without sender to Actor[akka://thorSystem/system/StreamSupervisor-0/flow-6-1-actorRefSource#-1140539747] was not delivered. [2] dead letters encountered. If this is not an expected behavior, then [Actor[akka://thorSystem/system/StreamSupervisor-0/flow-6-1-actorRefSource#-1140539747]] may have terminated unexpectedly, This logging can be turned off or adjusted with configuration settings 'akka.log-dead-letters' and 'akka.log-dead-letters-during-shutdown'.
2018-12-08 21:32:42.148 110317 INFO  akka.actor.RepointableActorRef [thorSystem-akka.actor.default-dispatcher-3] akka://thorSystem/system/StreamSupervisor-0/flow-6-1-actorRefSource - Message [org.seekloud.orbs.shared.ptcl.protocol.orbsGame$PingPackage] without sender to Actor[akka://thorSystem/system/StreamSupervisor-0/flow-6-1-actorRefSource#-1140539747] was not delivered. [3] dead letters encountered. If this is not an expected behavior, then [Actor[akka://thorSystem/system/StreamSupervisor-0/flow-6-1-actorRefSource#-1140539747]] may have terminated unexpectedly, This logging can be turned off or adjusted with configuration settings 'akka.log-dead-letters' and 'akka.log-dead-letters-during-shutdown'.
2018-12-08 21:32:43.156 111325 INFO  akka.actor.RepointableActorRef [thorSystem-akka.actor.default-dispatcher-3] akka://thorSystem/system/StreamSupervisor-0/flow-6-1-actorRefSource - Message [org.seekloud.orbs.shared.ptcl.protocol.orbsGame$PingPackage] without sender to Actor[akka://thorSystem/system/StreamSupervisor-0/flow-6-1-actorRefSource#-1140539747] was not delivered. [4] dead letters encountered. If this is not an expected behavior, then [Actor[akka://thorSystem/system/StreamSupervisor-0/flow-6-1-actorRefSource#-1140539747]] may have terminated unexpectedly, This logging can be turned off or adjusted with configuration settings 'akka.log-dead-letters' and 'akka.log-dead-letters-during-shutdown'.
2018-12-08 21:32:44.186 112355 INFO  akka.actor.RepointableActorRef [thorSystem-akka.actor.default-dispatcher-3] akka://thorSystem/system/StreamSupervisor-0/flow-6-1-actorRefSource - Message [org.seekloud.orbs.shared.ptcl.protocol.orbsGame$PingPackage] without sender to Actor[akka://thorSystem/system/StreamSupervisor-0/flow-6-1-actorRefSource#-1140539747] was not delivered. [5] dead letters encountered. If this is not an expected behavior, then [Actor[akka://thorSystem/system/StreamSupervisor-0/flow-6-1-actorRefSource#-1140539747]] may have terminated unexpectedly, This logging can be turned off or adjusted with configuration settings 'akka.log-dead-letters' and 'akka.log-dead-letters-during-shutdown'.
2018-12-08 21:32:45.161 113330 INFO  akka.actor.RepointableActorRef [thorSystem-akka.actor.default-dispatcher-3] akka://thorSystem/system/StreamSupervisor-0/flow-6-1-actorRefSource - Message [org.seekloud.orbs.shared.ptcl.protocol.orbsGame$PingPackage] without sender to Actor[akka://thorSystem/system/StreamSupervisor-0/flow-6-1-actorRefSource#-1140539747] was not delivered. [6] dead letters encountered. If this is not an expected behavior, then [Actor[akka://thorSystem/system/StreamSupervisor-0/flow-6-1-actorRefSource#-1140539747]] may have terminated unexpectedly, This logging can be turned off or adjusted with configuration settings 'akka.log-dead-letters' and 'akka.log-dead-letters-during-shutdown'.
2018-12-08 21:32:46.229 114398 INFO  akka.actor.RepointableActorRef [thorSystem-akka.actor.default-dispatcher-2] akka://thorSystem/system/StreamSupervisor-0/flow-6-1-actorRefSource - Message [org.seekloud.orbs.shared.ptcl.protocol.orbsGame$PingPackage] without sender to Actor[akka://thorSystem/system/StreamSupervisor-0/flow-6-1-actorRefSource#-1140539747] was not delivered. [7] dead letters encountered. If this is not an expected behavior, then [Actor[akka://thorSystem/system/StreamSupervisor-0/flow-6-1-actorRefSource#-1140539747]] may have terminated unexpectedly, This logging can be turned off or adjusted with configuration settings 'akka.log-dead-letters' and 'akka.log-dead-letters-during-shutdown'.
2018-12-08 21:32:47.244 115413 INFO  akka.actor.RepointableActorRef [thorSystem-akka.actor.default-dispatcher-2] akka://thorSystem/system/StreamSupervisor-0/flow-6-1-actorRefSource - Message [org.seekloud.orbs.shared.ptcl.protocol.orbsGame$PingPackage] without sender to Actor[akka://thorSystem/system/StreamSupervisor-0/flow-6-1-actorRefSource#-1140539747] was not delivered. [8] dead letters encountered. If this is not an expected behavior, then [Actor[akka://thorSystem/system/StreamSupervisor-0/flow-6-1-actorRefSource#-1140539747]] may have terminated unexpectedly, This logging can be turned off or adjusted with configuration settings 'akka.log-dead-letters' and 'akka.log-dead-letters-during-shutdown'.
2018-12-08 21:32:48.325 116494 INFO  akka.actor.RepointableActorRef [thorSystem-akka.actor.default-dispatcher-2] akka://thorSystem/system/StreamSupervisor-0/flow-6-1-actorRefSource - Message [org.seekloud.orbs.shared.ptcl.protocol.orbsGame$PingPackage] without sender to Actor[akka://thorSystem/system/StreamSupervisor-0/flow-6-1-actorRefSource#-1140539747] was not delivered. [9] dead letters encountered. If this is not an expected behavior, then [Actor[akka://thorSystem/system/StreamSupervisor-0/flow-6-1-actorRefSource#-1140539747]] may have terminated unexpectedly, This logging can be turned off or adjusted with configuration settings 'akka.log-dead-letters' and 'akka.log-dead-letters-during-shutdown'.
2018-12-08 21:32:49.351 117520 INFO  akka.actor.RepointableActorRef [thorSystem-akka.actor.default-dispatcher-2] akka://thorSystem/system/StreamSupervisor-0/flow-6-1-actorRefSource - Message [org.seekloud.orbs.shared.ptcl.protocol.orbsGame$PingPackage] without sender to Actor[akka://thorSystem/system/StreamSupervisor-0/flow-6-1-actorRefSource#-1140539747] was not delivered. [10] dead letters encountered, no more dead letters will be logged. If this is not an expected behavior, then [Actor[akka://thorSystem/system/StreamSupervisor-0/flow-6-1-actorRefSource#-1140539747]] may have terminated unexpectedly, This logging can be turned off or adjusted with configuration settings 'akka.log-dead-letters' and 'akka.log-dead-letters-during-shutdown'.
2018-12-08 21:38:17.057 169  INFO  akka.event.slf4j.Slf4jLogger [thorSystem-akka.actor.default-dispatcher-2]  - Slf4jLogger started
2018-12-08 21:38:18.118 1230 INFO  com.neo.sk.utils.HttpUtil$ [thorSystem-akka.actor.default-dispatcher-2]  - Get Request [ESheepLink: getLoginInfo] Processing...
2018-12-08 21:38:25.081 8193 INFO  org.seekloud.orbs.core.LoginActor$ [thorSystem-akka.actor.default-dispatcher-3]  - other textMessage：{"HeartBeat":{}}
2018-12-08 21:38:28.101 11213 INFO  org.seekloud.orbs.core.LoginActor$ [thorSystem-akka.actor.default-dispatcher-5]  - Ws4AgentRsp: {"Ws4AgentRsp":{"data":{"userId":10002,"nickname":"Arrow","token":"c8f35a7f4b9f7d372feb68c342aa944e9e3055de","tokenExpireTime":7200,"headImg":"http://thirdwx.qlogo.cn/mmopen/vi_32/Q0j4TwGTfTLHQUZSdRCcBDQLI49Y1B2z50CLtoVvLmtibKCUAnFV3Z8ibL7mjzOGcAUmlRSaNjlE0ibRuK1G0yvCg/132","gender":2},"errCode":0,"msg":"ok"}}
2018-12-08 21:38:28.219 11331 INFO  com.neo.sk.utils.HttpUtil$ [thorSystem-akka.actor.default-dispatcher-3]  - Post Request [ESheepLink: linkGame(getAccessCode)] Processing...
2018-12-08 21:38:28.355 11467 INFO  org.seekloud.orbs.core.TokenActor$ [thorSystem-akka.actor.default-dispatcher-3]  - init GameInfo success: | ClientJoinGameRsp(JoinGameInfo(r8WWgibxOnBvxCFEy2MVEMIhZ9MQwiXH,GameServerInfo(10.1.29.250,30376,flowdev.neoap.com)),0,ok)
2018-12-08 21:38:28.385 11497 INFO  com.neo.sk.utils.HttpUtil$ [thorSystem-akka.actor.default-dispatcher-3]  - Post Request [getRoomList-orbs] Processing...
2018-12-08 21:38:30.004 13116 INFO  org.seekloud.orbs.core.LoginActor$ [thorSystem-akka.actor.default-dispatcher-5]  - other textMessage：{"HeartBeat":{}}
2018-12-08 21:38:35.024 18136 INFO  org.seekloud.orbs.core.LoginActor$ [thorSystem-akka.actor.default-dispatcher-5]  - other textMessage：{"HeartBeat":{}}
2018-12-08 21:38:38.094 21206 INFO  org.seekloud.orbs.core.LoginActor$ [thorSystem-akka.actor.default-dispatcher-12]  - webSocket closed
2018-12-08 21:40:49.830 152942 INFO  akka.actor.RepointableActorRef [thorSystem-akka.actor.default-dispatcher-3] akka://thorSystem/system/StreamSupervisor-0/flow-8-1-actorRefSource - Message [org.seekloud.orbs.shared.ptcl.protocol.orbsGame$PingPackage] without sender to Actor[akka://thorSystem/system/StreamSupervisor-0/flow-8-1-actorRefSource#1584753371] was not delivered. [1] dead letters encountered. If this is not an expected behavior, then [Actor[akka://thorSystem/system/StreamSupervisor-0/flow-8-1-actorRefSource#1584753371]] may have terminated unexpectedly, This logging can be turned off or adjusted with configuration settings 'akka.log-dead-letters' and 'akka.log-dead-letters-during-shutdown'.
2018-12-08 21:40:50.870 153982 INFO  akka.actor.RepointableActorRef [thorSystem-akka.actor.default-dispatcher-3] akka://thorSystem/system/StreamSupervisor-0/flow-8-1-actorRefSource - Message [org.seekloud.orbs.shared.ptcl.protocol.orbsGame$PingPackage] without sender to Actor[akka://thorSystem/system/StreamSupervisor-0/flow-8-1-actorRefSource#1584753371] was not delivered. [2] dead letters encountered. If this is not an expected behavior, then [Actor[akka://thorSystem/system/StreamSupervisor-0/flow-8-1-actorRefSource#1584753371]] may have terminated unexpectedly, This logging can be turned off or adjusted with configuration settings 'akka.log-dead-letters' and 'akka.log-dead-letters-during-shutdown'.
2018-12-08 21:40:51.898 155010 INFO  akka.actor.RepointableActorRef [thorSystem-akka.actor.default-dispatcher-3] akka://thorSystem/system/StreamSupervisor-0/flow-8-1-actorRefSource - Message [org.seekloud.orbs.shared.ptcl.protocol.orbsGame$PingPackage] without sender to Actor[akka://thorSystem/system/StreamSupervisor-0/flow-8-1-actorRefSource#1584753371] was not delivered. [3] dead letters encountered. If this is not an expected behavior, then [Actor[akka://thorSystem/system/StreamSupervisor-0/flow-8-1-actorRefSource#1584753371]] may have terminated unexpectedly, This logging can be turned off or adjusted with configuration settings 'akka.log-dead-letters' and 'akka.log-dead-letters-during-shutdown'.
2018-12-08 21:40:52.996 156108 INFO  akka.actor.RepointableActorRef [thorSystem-akka.actor.default-dispatcher-3] akka://thorSystem/system/StreamSupervisor-0/flow-8-1-actorRefSource - Message [org.seekloud.orbs.shared.ptcl.protocol.orbsGame$PingPackage] without sender to Actor[akka://thorSystem/system/StreamSupervisor-0/flow-8-1-actorRefSource#1584753371] was not delivered. [4] dead letters encountered. If this is not an expected behavior, then [Actor[akka://thorSystem/system/StreamSupervisor-0/flow-8-1-actorRefSource#1584753371]] may have terminated unexpectedly, This logging can be turned off or adjusted with configuration settings 'akka.log-dead-letters' and 'akka.log-dead-letters-during-shutdown'.
2018-12-08 21:40:54.081 157193 INFO  akka.actor.RepointableActorRef [thorSystem-akka.actor.default-dispatcher-4] akka://thorSystem/system/StreamSupervisor-0/flow-8-1-actorRefSource - Message [org.seekloud.orbs.shared.ptcl.protocol.orbsGame$PingPackage] without sender to Actor[akka://thorSystem/system/StreamSupervisor-0/flow-8-1-actorRefSource#1584753371] was not delivered. [5] dead letters encountered. If this is not an expected behavior, then [Actor[akka://thorSystem/system/StreamSupervisor-0/flow-8-1-actorRefSource#1584753371]] may have terminated unexpectedly, This logging can be turned off or adjusted with configuration settings 'akka.log-dead-letters' and 'akka.log-dead-letters-during-shutdown'.
2018-12-08 21:40:55.210 158322 INFO  akka.actor.RepointableActorRef [thorSystem-akka.actor.default-dispatcher-4] akka://thorSystem/system/StreamSupervisor-0/flow-8-1-actorRefSource - Message [org.seekloud.orbs.shared.ptcl.protocol.orbsGame$PingPackage] without sender to Actor[akka://thorSystem/system/StreamSupervisor-0/flow-8-1-actorRefSource#1584753371] was not delivered. [6] dead letters encountered. If this is not an expected behavior, then [Actor[akka://thorSystem/system/StreamSupervisor-0/flow-8-1-actorRefSource#1584753371]] may have terminated unexpectedly, This logging can be turned off or adjusted with configuration settings 'akka.log-dead-letters' and 'akka.log-dead-letters-during-shutdown'.
2018-12-08 21:40:56.211 159323 INFO  akka.actor.RepointableActorRef [thorSystem-akka.actor.default-dispatcher-4] akka://thorSystem/system/StreamSupervisor-0/flow-8-1-actorRefSource - Message [org.seekloud.orbs.shared.ptcl.protocol.orbsGame$PingPackage] without sender to Actor[akka://thorSystem/system/StreamSupervisor-0/flow-8-1-actorRefSource#1584753371] was not delivered. [7] dead letters encountered. If this is not an expected behavior, then [Actor[akka://thorSystem/system/StreamSupervisor-0/flow-8-1-actorRefSource#1584753371]] may have terminated unexpectedly, This logging can be turned off or adjusted with configuration settings 'akka.log-dead-letters' and 'akka.log-dead-letters-during-shutdown'.
2018-12-08 21:40:57.250 160362 INFO  akka.actor.RepointableActorRef [thorSystem-akka.actor.default-dispatcher-4] akka://thorSystem/system/StreamSupervisor-0/flow-8-1-actorRefSource - Message [org.seekloud.orbs.shared.ptcl.protocol.orbsGame$PingPackage] without sender to Actor[akka://thorSystem/system/StreamSupervisor-0/flow-8-1-actorRefSource#1584753371] was not delivered. [8] dead letters encountered. If this is not an expected behavior, then [Actor[akka://thorSystem/system/StreamSupervisor-0/flow-8-1-actorRefSource#1584753371]] may have terminated unexpectedly, This logging can be turned off or adjusted with configuration settings 'akka.log-dead-letters' and 'akka.log-dead-letters-during-shutdown'.
2018-12-08 21:40:58.298 161410 INFO  akka.actor.RepointableActorRef [thorSystem-akka.actor.default-dispatcher-4] akka://thorSystem/system/StreamSupervisor-0/flow-8-1-actorRefSource - Message [org.seekloud.orbs.shared.ptcl.protocol.orbsGame$PingPackage] without sender to Actor[akka://thorSystem/system/StreamSupervisor-0/flow-8-1-actorRefSource#1584753371] was not delivered. [9] dead letters encountered. If this is not an expected behavior, then [Actor[akka://thorSystem/system/StreamSupervisor-0/flow-8-1-actorRefSource#1584753371]] may have terminated unexpectedly, This logging can be turned off or adjusted with configuration settings 'akka.log-dead-letters' and 'akka.log-dead-letters-during-shutdown'.
2018-12-08 21:40:59.362 162474 INFO  akka.actor.RepointableActorRef [thorSystem-akka.actor.default-dispatcher-4] akka://thorSystem/system/StreamSupervisor-0/flow-8-1-actorRefSource - Message [org.seekloud.orbs.shared.ptcl.protocol.orbsGame$PingPackage] without sender to Actor[akka://thorSystem/system/StreamSupervisor-0/flow-8-1-actorRefSource#1584753371] was not delivered. [10] dead letters encountered, no more dead letters will be logged. If this is not an expected behavior, then [Actor[akka://thorSystem/system/StreamSupervisor-0/flow-8-1-actorRefSource#1584753371]] may have terminated unexpectedly, This logging can be turned off or adjusted with configuration settings 'akka.log-dead-letters' and 'akka.log-dead-letters-during-shutdown'.
