2018-12-12 14:57:56.395 217  INFO  akka.event.slf4j.Slf4jLogger [thorSystem-akka.actor.default-dispatcher-3]  - Slf4jLogger started
2018-12-12 14:57:58.077 1899 INFO  com.neo.sk.utils.HttpUtil$ [thorSystem-akka.actor.default-dispatcher-3]  - Get Request [ESheepLink: getLoginInfo] Processing...
2018-12-12 14:58:05.542 9364 INFO  org.seekloud.orbs.core.LoginActor$ [thorSystem-akka.actor.default-dispatcher-4]  - other textMessage：{"HeartBeat":{}}
2018-12-12 14:58:08.546 12368 INFO  org.seekloud.orbs.core.LoginActor$ [thorSystem-akka.actor.default-dispatcher-4]  - Ws4AgentRsp: {"Ws4AgentRsp":{"data":{"userId":10002,"nickname":"Arrow","token":"17d2f9e8055628fc74c70fcfc968d9dc6970ae2e","tokenExpireTime":7200,"headImg":"http://thirdwx.qlogo.cn/mmopen/vi_32/Q0j4TwGTfTLHQUZSdRCcBDQLI49Y1B2z50CLtoVvLmtibKCUAnFV3Z8ibL7mjzOGcAUmlRSaNjlE0ibRuK1G0yvCg/132","gender":2},"errCode":0,"msg":"ok"}}
2018-12-12 14:58:08.732 12554 INFO  com.neo.sk.utils.HttpUtil$ [thorSystem-akka.actor.default-dispatcher-2]  - Post Request [ESheepLink: linkGame(getAccessCode)] Processing...
2018-12-12 14:58:08.974 12796 INFO  org.seekloud.orbs.core.TokenActor$ [thorSystem-akka.actor.default-dispatcher-2]  - init GameInfo success: | ClientJoinGameRsp(JoinGameInfo(J3KTzFY9LJKgxvyNKq8Xi8A5ZZD9bf5n,GameServerInfo(10.1.29.250,30376,flowdev.neoap.com)),0,ok)
2018-12-12 14:58:09.093 12915 INFO  com.neo.sk.utils.HttpUtil$ [thorSystem-akka.actor.default-dispatcher-2]  - Post Request [getRoomList-orbs] Processing...
2018-12-12 14:58:10.441 14263 INFO  org.seekloud.orbs.core.LoginActor$ [thorSystem-akka.actor.default-dispatcher-4]  - other textMessage：{"HeartBeat":{}}
2018-12-12 14:58:15.453 19275 INFO  org.seekloud.orbs.core.LoginActor$ [thorSystem-akka.actor.default-dispatcher-4]  - other textMessage：{"HeartBeat":{}}
2018-12-12 14:58:18.519 22341 INFO  org.seekloud.orbs.core.LoginActor$ [thorSystem-akka.actor.default-dispatcher-3]  - webSocket closed
2018-12-12 15:01:57.034 189  INFO  akka.event.slf4j.Slf4jLogger [thorSystem-akka.actor.default-dispatcher-3]  - Slf4jLogger started
2018-12-12 15:01:57.772 927  INFO  com.neo.sk.utils.HttpUtil$ [thorSystem-akka.actor.default-dispatcher-5]  - Get Request [ESheepLink: getLoginInfo] Processing...
2018-12-12 15:02:04.275 7430 INFO  org.seekloud.orbs.core.LoginActor$ [thorSystem-akka.actor.default-dispatcher-5]  - other textMessage：{"HeartBeat":{}}
2018-12-12 15:02:07.877 11032 INFO  org.seekloud.orbs.core.LoginActor$ [thorSystem-akka.actor.default-dispatcher-4]  - Ws4AgentRsp: {"Ws4AgentRsp":{"data":{"userId":10002,"nickname":"Arrow","token":"a2a2bf67de31226ae8570953a75fb478e33edb7e","tokenExpireTime":7200,"headImg":"http://thirdwx.qlogo.cn/mmopen/vi_32/Q0j4TwGTfTLHQUZSdRCcBDQLI49Y1B2z50CLtoVvLmtibKCUAnFV3Z8ibL7mjzOGcAUmlRSaNjlE0ibRuK1G0yvCg/132","gender":2},"errCode":0,"msg":"ok"}}
2018-12-12 15:02:07.910 11065 INFO  com.neo.sk.utils.HttpUtil$ [thorSystem-akka.actor.default-dispatcher-5]  - Post Request [ESheepLink: linkGame(getAccessCode)] Processing...
2018-12-12 15:02:07.967 11122 INFO  org.seekloud.orbs.core.TokenActor$ [thorSystem-akka.actor.default-dispatcher-5]  - init GameInfo success: | ClientJoinGameRsp(JoinGameInfo(oSRk6ySGtOSGSRl9MY8qAEDMGmxi9ud4,GameServerInfo(10.1.29.250,30376,flowdev.neoap.com)),0,ok)
2018-12-12 15:02:07.979 11134 INFO  com.neo.sk.utils.HttpUtil$ [thorSystem-akka.actor.default-dispatcher-5]  - Post Request [getRoomList-orbs] Processing...
2018-12-12 15:02:09.273 12428 INFO  org.seekloud.orbs.core.LoginActor$ [thorSystem-akka.actor.default-dispatcher-4]  - other textMessage：{"HeartBeat":{}}
2018-12-12 15:02:14.289 17444 INFO  org.seekloud.orbs.core.LoginActor$ [thorSystem-akka.actor.default-dispatcher-3]  - other textMessage：{"HeartBeat":{}}
2018-12-12 15:02:17.882 21037 INFO  org.seekloud.orbs.core.LoginActor$ [thorSystem-akka.actor.default-dispatcher-5]  - webSocket closed
2018-12-12 15:02:36.009 39164 INFO  akka.actor.RepointableActorRef [thorSystem-akka.actor.default-dispatcher-5] akka://thorSystem/user/playGameActor - Message [org.seekloud.orbs.core.PlayGameActor$ConnectGame] without sender to Actor[akka://thorSystem/user/playGameActor#746021098] was not delivered. [1] dead letters encountered. If this is not an expected behavior, then [Actor[akka://thorSystem/user/playGameActor#746021098]] may have terminated unexpectedly, This logging can be turned off or adjusted with configuration settings 'akka.log-dead-letters' and 'akka.log-dead-letters-during-shutdown'.
2018-12-12 15:02:36.021 39176 INFO  akka.actor.RepointableActorRef [thorSystem-akka.actor.default-dispatcher-2] akka://thorSystem/user/playGameActor - Message [org.seekloud.orbs.core.PlayGameActor$DispatchMsg] without sender to Actor[akka://thorSystem/user/playGameActor#746021098] was not delivered. [2] dead letters encountered. If this is not an expected behavior, then [Actor[akka://thorSystem/user/playGameActor#746021098]] may have terminated unexpectedly, This logging can be turned off or adjusted with configuration settings 'akka.log-dead-letters' and 'akka.log-dead-letters-during-shutdown'.
2018-12-12 15:02:36.022 39177 INFO  akka.actor.RepointableActorRef [thorSystem-akka.actor.default-dispatcher-2] akka://thorSystem/user/playGameActor - Message [org.seekloud.orbs.core.PlayGameActor$StartGameLoop$] without sender to Actor[akka://thorSystem/user/playGameActor#746021098] was not delivered. [3] dead letters encountered. If this is not an expected behavior, then [Actor[akka://thorSystem/user/playGameActor#746021098]] may have terminated unexpectedly, This logging can be turned off or adjusted with configuration settings 'akka.log-dead-letters' and 'akka.log-dead-letters-during-shutdown'.
2018-12-12 15:02:36.181 39336 INFO  akka.actor.RepointableActorRef [thorSystem-akka.actor.default-dispatcher-2] akka://thorSystem/user/playGameActor - Message [org.seekloud.orbs.core.PlayGameActor$ConnectGame] without sender to Actor[akka://thorSystem/user/playGameActor#746021098] was not delivered. [4] dead letters encountered. If this is not an expected behavior, then [Actor[akka://thorSystem/user/playGameActor#746021098]] may have terminated unexpectedly, This logging can be turned off or adjusted with configuration settings 'akka.log-dead-letters' and 'akka.log-dead-letters-during-shutdown'.
2018-12-12 15:02:36.181 39336 INFO  akka.actor.RepointableActorRef [thorSystem-akka.actor.default-dispatcher-2] akka://thorSystem/user/playGameActor - Message [org.seekloud.orbs.core.PlayGameActor$DispatchMsg] without sender to Actor[akka://thorSystem/user/playGameActor#746021098] was not delivered. [5] dead letters encountered. If this is not an expected behavior, then [Actor[akka://thorSystem/user/playGameActor#746021098]] may have terminated unexpectedly, This logging can be turned off or adjusted with configuration settings 'akka.log-dead-letters' and 'akka.log-dead-letters-during-shutdown'.
2018-12-12 15:02:36.181 39336 INFO  akka.actor.RepointableActorRef [thorSystem-akka.actor.default-dispatcher-2] akka://thorSystem/user/playGameActor - Message [org.seekloud.orbs.core.PlayGameActor$StartGameLoop$] without sender to Actor[akka://thorSystem/user/playGameActor#746021098] was not delivered. [6] dead letters encountered. If this is not an expected behavior, then [Actor[akka://thorSystem/user/playGameActor#746021098]] may have terminated unexpectedly, This logging can be turned off or adjusted with configuration settings 'akka.log-dead-letters' and 'akka.log-dead-letters-during-shutdown'.
2018-12-12 15:02:43.926 47081 INFO  akka.actor.RepointableActorRef [thorSystem-akka.actor.default-dispatcher-5] akka://thorSystem/user/playGameActor - Message [org.seekloud.orbs.core.PlayGameActor$ConnectGame] without sender to Actor[akka://thorSystem/user/playGameActor#746021098] was not delivered. [7] dead letters encountered. If this is not an expected behavior, then [Actor[akka://thorSystem/user/playGameActor#746021098]] may have terminated unexpectedly, This logging can be turned off or adjusted with configuration settings 'akka.log-dead-letters' and 'akka.log-dead-letters-during-shutdown'.
2018-12-12 15:02:43.926 47081 INFO  akka.actor.RepointableActorRef [thorSystem-akka.actor.default-dispatcher-5] akka://thorSystem/user/playGameActor - Message [org.seekloud.orbs.core.PlayGameActor$DispatchMsg] without sender to Actor[akka://thorSystem/user/playGameActor#746021098] was not delivered. [8] dead letters encountered. If this is not an expected behavior, then [Actor[akka://thorSystem/user/playGameActor#746021098]] may have terminated unexpectedly, This logging can be turned off or adjusted with configuration settings 'akka.log-dead-letters' and 'akka.log-dead-letters-during-shutdown'.
2018-12-12 15:02:43.926 47081 INFO  akka.actor.RepointableActorRef [thorSystem-akka.actor.default-dispatcher-5] akka://thorSystem/user/playGameActor - Message [org.seekloud.orbs.core.PlayGameActor$StartGameLoop$] without sender to Actor[akka://thorSystem/user/playGameActor#746021098] was not delivered. [9] dead letters encountered. If this is not an expected behavior, then [Actor[akka://thorSystem/user/playGameActor#746021098]] may have terminated unexpectedly, This logging can be turned off or adjusted with configuration settings 'akka.log-dead-letters' and 'akka.log-dead-letters-during-shutdown'.
2018-12-12 15:16:21.266 174  INFO  akka.event.slf4j.Slf4jLogger [thorSystem-akka.actor.default-dispatcher-3]  - Slf4jLogger started
2018-12-12 15:16:22.003 911  INFO  com.neo.sk.utils.HttpUtil$ [thorSystem-akka.actor.default-dispatcher-4]  - Get Request [ESheepLink: getLoginInfo] Processing...
2018-12-12 15:16:27.687 6595 INFO  org.seekloud.orbs.core.LoginActor$ [thorSystem-akka.actor.default-dispatcher-4]  - Ws4AgentRsp: {"Ws4AgentRsp":{"data":{"userId":10002,"nickname":"Arrow","token":"11d79e2bb3b4adde9bd6b8e4a4af4a21fbf0a2aa","tokenExpireTime":7200,"headImg":"http://thirdwx.qlogo.cn/mmopen/vi_32/Q0j4TwGTfTLHQUZSdRCcBDQLI49Y1B2z50CLtoVvLmtibKCUAnFV3Z8ibL7mjzOGcAUmlRSaNjlE0ibRuK1G0yvCg/132","gender":2},"errCode":0,"msg":"ok"}}
2018-12-12 15:16:27.725 6633 INFO  com.neo.sk.utils.HttpUtil$ [thorSystem-akka.actor.default-dispatcher-2]  - Post Request [ESheepLink: linkGame(getAccessCode)] Processing...
2018-12-12 15:16:27.754 6662 INFO  org.seekloud.orbs.core.TokenActor$ [thorSystem-akka.actor.default-dispatcher-2]  - init GameInfo success: | ClientJoinGameRsp(JoinGameInfo(ORM2kCVuZWKJXWlkNHxwJhhltQefXhhS,GameServerInfo(10.1.29.250,30376,flowdev.neoap.com)),0,ok)
2018-12-12 15:16:27.771 6679 INFO  com.neo.sk.utils.HttpUtil$ [thorSystem-akka.actor.default-dispatcher-2]  - Post Request [getRoomList-orbs] Processing...
2018-12-12 15:16:28.352 7260 INFO  org.seekloud.orbs.core.LoginActor$ [thorSystem-akka.actor.default-dispatcher-2]  - other textMessage：{"HeartBeat":{}}
2018-12-12 15:16:33.370 12278 INFO  org.seekloud.orbs.core.LoginActor$ [thorSystem-akka.actor.default-dispatcher-4]  - other textMessage：{"HeartBeat":{}}
2018-12-12 15:16:37.673 16581 INFO  org.seekloud.orbs.core.LoginActor$ [thorSystem-akka.actor.default-dispatcher-5]  - webSocket closed
2018-12-12 15:16:49.737 28645 INFO  akka.actor.RepointableActorRef [thorSystem-akka.actor.default-dispatcher-5] akka://thorSystem/user/playGameActor - Message [org.seekloud.orbs.core.PlayGameActor$DispatchMsg] without sender to Actor[akka://thorSystem/user/playGameActor#598376537] was not delivered. [1] dead letters encountered. If this is not an expected behavior, then [Actor[akka://thorSystem/user/playGameActor#598376537]] may have terminated unexpectedly, This logging can be turned off or adjusted with configuration settings 'akka.log-dead-letters' and 'akka.log-dead-letters-during-shutdown'.
2018-12-12 15:16:49.738 28646 INFO  akka.actor.RepointableActorRef [thorSystem-akka.actor.default-dispatcher-5] akka://thorSystem/user/playGameActor - Message [org.seekloud.orbs.core.PlayGameActor$StartGameLoop$] without sender to Actor[akka://thorSystem/user/playGameActor#598376537] was not delivered. [2] dead letters encountered. If this is not an expected behavior, then [Actor[akka://thorSystem/user/playGameActor#598376537]] may have terminated unexpectedly, This logging can be turned off or adjusted with configuration settings 'akka.log-dead-letters' and 'akka.log-dead-letters-during-shutdown'.
2018-12-12 15:16:55.334 34242 INFO  akka.actor.RepointableActorRef [thorSystem-akka.actor.default-dispatcher-5] akka://thorSystem/user/playGameActor - Message [org.seekloud.orbs.core.PlayGameActor$DispatchMsg] without sender to Actor[akka://thorSystem/user/playGameActor#598376537] was not delivered. [3] dead letters encountered. If this is not an expected behavior, then [Actor[akka://thorSystem/user/playGameActor#598376537]] may have terminated unexpectedly, This logging can be turned off or adjusted with configuration settings 'akka.log-dead-letters' and 'akka.log-dead-letters-during-shutdown'.
2018-12-12 15:16:55.334 34242 INFO  akka.actor.RepointableActorRef [thorSystem-akka.actor.default-dispatcher-5] akka://thorSystem/user/playGameActor - Message [org.seekloud.orbs.core.PlayGameActor$StartGameLoop$] without sender to Actor[akka://thorSystem/user/playGameActor#598376537] was not delivered. [4] dead letters encountered. If this is not an expected behavior, then [Actor[akka://thorSystem/user/playGameActor#598376537]] may have terminated unexpectedly, This logging can be turned off or adjusted with configuration settings 'akka.log-dead-letters' and 'akka.log-dead-letters-during-shutdown'.
2018-12-12 15:16:55.501 34409 INFO  akka.actor.RepointableActorRef [thorSystem-akka.actor.default-dispatcher-5] akka://thorSystem/user/playGameActor - Message [org.seekloud.orbs.core.PlayGameActor$DispatchMsg] without sender to Actor[akka://thorSystem/user/playGameActor#598376537] was not delivered. [5] dead letters encountered. If this is not an expected behavior, then [Actor[akka://thorSystem/user/playGameActor#598376537]] may have terminated unexpectedly, This logging can be turned off or adjusted with configuration settings 'akka.log-dead-letters' and 'akka.log-dead-letters-during-shutdown'.
2018-12-12 15:16:55.501 34409 INFO  akka.actor.RepointableActorRef [thorSystem-akka.actor.default-dispatcher-5] akka://thorSystem/user/playGameActor - Message [org.seekloud.orbs.core.PlayGameActor$StartGameLoop$] without sender to Actor[akka://thorSystem/user/playGameActor#598376537] was not delivered. [6] dead letters encountered. If this is not an expected behavior, then [Actor[akka://thorSystem/user/playGameActor#598376537]] may have terminated unexpectedly, This logging can be turned off or adjusted with configuration settings 'akka.log-dead-letters' and 'akka.log-dead-letters-during-shutdown'.
2018-12-12 15:16:56.486 35394 INFO  akka.actor.RepointableActorRef [thorSystem-akka.actor.default-dispatcher-5] akka://thorSystem/user/playGameActor - Message [org.seekloud.orbs.core.PlayGameActor$DispatchMsg] without sender to Actor[akka://thorSystem/user/playGameActor#598376537] was not delivered. [7] dead letters encountered. If this is not an expected behavior, then [Actor[akka://thorSystem/user/playGameActor#598376537]] may have terminated unexpectedly, This logging can be turned off or adjusted with configuration settings 'akka.log-dead-letters' and 'akka.log-dead-letters-during-shutdown'.
2018-12-12 15:16:56.486 35394 INFO  akka.actor.RepointableActorRef [thorSystem-akka.actor.default-dispatcher-5] akka://thorSystem/user/playGameActor - Message [org.seekloud.orbs.core.PlayGameActor$StartGameLoop$] without sender to Actor[akka://thorSystem/user/playGameActor#598376537] was not delivered. [8] dead letters encountered. If this is not an expected behavior, then [Actor[akka://thorSystem/user/playGameActor#598376537]] may have terminated unexpectedly, This logging can be turned off or adjusted with configuration settings 'akka.log-dead-letters' and 'akka.log-dead-letters-during-shutdown'.
2018-12-12 15:16:56.645 35553 INFO  akka.actor.RepointableActorRef [thorSystem-akka.actor.default-dispatcher-4] akka://thorSystem/user/playGameActor - Message [org.seekloud.orbs.core.PlayGameActor$DispatchMsg] without sender to Actor[akka://thorSystem/user/playGameActor#598376537] was not delivered. [9] dead letters encountered. If this is not an expected behavior, then [Actor[akka://thorSystem/user/playGameActor#598376537]] may have terminated unexpectedly, This logging can be turned off or adjusted with configuration settings 'akka.log-dead-letters' and 'akka.log-dead-letters-during-shutdown'.
2018-12-12 15:16:56.646 35554 INFO  akka.actor.RepointableActorRef [thorSystem-akka.actor.default-dispatcher-4] akka://thorSystem/user/playGameActor - Message [org.seekloud.orbs.core.PlayGameActor$StartGameLoop$] without sender to Actor[akka://thorSystem/user/playGameActor#598376537] was not delivered. [10] dead letters encountered, no more dead letters will be logged. If this is not an expected behavior, then [Actor[akka://thorSystem/user/playGameActor#598376537]] may have terminated unexpectedly, This logging can be turned off or adjusted with configuration settings 'akka.log-dead-letters' and 'akka.log-dead-letters-during-shutdown'.
2018-12-12 15:18:04.940 133  INFO  akka.event.slf4j.Slf4jLogger [thorSystem-akka.actor.default-dispatcher-3]  - Slf4jLogger started
2018-12-12 15:18:05.672 865  INFO  com.neo.sk.utils.HttpUtil$ [thorSystem-akka.actor.default-dispatcher-2]  - Get Request [ESheepLink: getLoginInfo] Processing...
2018-12-12 15:18:12.080 7273 INFO  org.seekloud.orbs.core.LoginActor$ [thorSystem-akka.actor.default-dispatcher-2]  - other textMessage：{"HeartBeat":{}}
2018-12-12 15:18:13.785 8978 INFO  org.seekloud.orbs.core.LoginActor$ [thorSystem-akka.actor.default-dispatcher-4]  - Ws4AgentRsp: {"Ws4AgentRsp":{"data":{"userId":10002,"nickname":"Arrow","token":"0925a84bbe54bc136b4248baa57b6f2ebf8dee22","tokenExpireTime":7200,"headImg":"http://thirdwx.qlogo.cn/mmopen/vi_32/Q0j4TwGTfTLHQUZSdRCcBDQLI49Y1B2z50CLtoVvLmtibKCUAnFV3Z8ibL7mjzOGcAUmlRSaNjlE0ibRuK1G0yvCg/132","gender":2},"errCode":0,"msg":"ok"}}
2018-12-12 15:18:13.823 9016 INFO  com.neo.sk.utils.HttpUtil$ [thorSystem-akka.actor.default-dispatcher-2]  - Post Request [ESheepLink: linkGame(getAccessCode)] Processing...
2018-12-12 15:18:13.854 9047 INFO  org.seekloud.orbs.core.TokenActor$ [thorSystem-akka.actor.default-dispatcher-2]  - init GameInfo success: | ClientJoinGameRsp(JoinGameInfo(NU3QAQt9tFVyjyZKQRVhUrJklznucdQu,GameServerInfo(10.1.29.250,30376,flowdev.neoap.com)),0,ok)
2018-12-12 15:18:13.870 9063 INFO  com.neo.sk.utils.HttpUtil$ [thorSystem-akka.actor.default-dispatcher-2]  - Post Request [getRoomList-orbs] Processing...
2018-12-12 15:18:17.100 12293 INFO  org.seekloud.orbs.core.LoginActor$ [thorSystem-akka.actor.default-dispatcher-3]  - other textMessage：{"HeartBeat":{}}
2018-12-12 15:18:22.124 17317 INFO  org.seekloud.orbs.core.LoginActor$ [thorSystem-akka.actor.default-dispatcher-3]  - other textMessage：{"HeartBeat":{}}
2018-12-12 15:18:23.839 19032 INFO  org.seekloud.orbs.core.LoginActor$ [thorSystem-akka.actor.default-dispatcher-5]  - webSocket closed
2018-12-12 15:18:41.728 36921 INFO  akka.actor.RepointableActorRef [thorSystem-akka.actor.default-dispatcher-3] akka://thorSystem/user/playGameActor - Message [org.seekloud.orbs.core.PlayGameActor$DispatchMsg] without sender to Actor[akka://thorSystem/user/playGameActor#-390988057] was not delivered. [1] dead letters encountered. If this is not an expected behavior, then [Actor[akka://thorSystem/user/playGameActor#-390988057]] may have terminated unexpectedly, This logging can be turned off or adjusted with configuration settings 'akka.log-dead-letters' and 'akka.log-dead-letters-during-shutdown'.
2018-12-12 15:18:41.730 36923 INFO  akka.actor.RepointableActorRef [thorSystem-akka.actor.default-dispatcher-3] akka://thorSystem/user/playGameActor - Message [org.seekloud.orbs.core.PlayGameActor$StartGameLoop$] without sender to Actor[akka://thorSystem/user/playGameActor#-390988057] was not delivered. [2] dead letters encountered. If this is not an expected behavior, then [Actor[akka://thorSystem/user/playGameActor#-390988057]] may have terminated unexpectedly, This logging can be turned off or adjusted with configuration settings 'akka.log-dead-letters' and 'akka.log-dead-letters-during-shutdown'.
2018-12-12 15:18:42.365 37558 INFO  akka.actor.RepointableActorRef [thorSystem-akka.actor.default-dispatcher-3] akka://thorSystem/user/playGameActor - Message [org.seekloud.orbs.core.PlayGameActor$DispatchMsg] without sender to Actor[akka://thorSystem/user/playGameActor#-390988057] was not delivered. [3] dead letters encountered. If this is not an expected behavior, then [Actor[akka://thorSystem/user/playGameActor#-390988057]] may have terminated unexpectedly, This logging can be turned off or adjusted with configuration settings 'akka.log-dead-letters' and 'akka.log-dead-letters-during-shutdown'.
2018-12-12 15:18:42.366 37559 INFO  akka.actor.RepointableActorRef [thorSystem-akka.actor.default-dispatcher-3] akka://thorSystem/user/playGameActor - Message [org.seekloud.orbs.core.PlayGameActor$StartGameLoop$] without sender to Actor[akka://thorSystem/user/playGameActor#-390988057] was not delivered. [4] dead letters encountered. If this is not an expected behavior, then [Actor[akka://thorSystem/user/playGameActor#-390988057]] may have terminated unexpectedly, This logging can be turned off or adjusted with configuration settings 'akka.log-dead-letters' and 'akka.log-dead-letters-during-shutdown'.
2018-12-12 15:18:42.533 37726 INFO  akka.actor.RepointableActorRef [thorSystem-akka.actor.default-dispatcher-2] akka://thorSystem/user/playGameActor - Message [org.seekloud.orbs.core.PlayGameActor$DispatchMsg] without sender to Actor[akka://thorSystem/user/playGameActor#-390988057] was not delivered. [5] dead letters encountered. If this is not an expected behavior, then [Actor[akka://thorSystem/user/playGameActor#-390988057]] may have terminated unexpectedly, This logging can be turned off or adjusted with configuration settings 'akka.log-dead-letters' and 'akka.log-dead-letters-during-shutdown'.
2018-12-12 15:18:42.534 37727 INFO  akka.actor.RepointableActorRef [thorSystem-akka.actor.default-dispatcher-2] akka://thorSystem/user/playGameActor - Message [org.seekloud.orbs.core.PlayGameActor$StartGameLoop$] without sender to Actor[akka://thorSystem/user/playGameActor#-390988057] was not delivered. [6] dead letters encountered. If this is not an expected behavior, then [Actor[akka://thorSystem/user/playGameActor#-390988057]] may have terminated unexpectedly, This logging can be turned off or adjusted with configuration settings 'akka.log-dead-letters' and 'akka.log-dead-letters-during-shutdown'.
2018-12-12 15:18:42.694 37887 INFO  akka.actor.RepointableActorRef [thorSystem-akka.actor.default-dispatcher-4] akka://thorSystem/user/playGameActor - Message [org.seekloud.orbs.core.PlayGameActor$DispatchMsg] without sender to Actor[akka://thorSystem/user/playGameActor#-390988057] was not delivered. [7] dead letters encountered. If this is not an expected behavior, then [Actor[akka://thorSystem/user/playGameActor#-390988057]] may have terminated unexpectedly, This logging can be turned off or adjusted with configuration settings 'akka.log-dead-letters' and 'akka.log-dead-letters-during-shutdown'.
2018-12-12 15:18:42.694 37887 INFO  akka.actor.RepointableActorRef [thorSystem-akka.actor.default-dispatcher-4] akka://thorSystem/user/playGameActor - Message [org.seekloud.orbs.core.PlayGameActor$StartGameLoop$] without sender to Actor[akka://thorSystem/user/playGameActor#-390988057] was not delivered. [8] dead letters encountered. If this is not an expected behavior, then [Actor[akka://thorSystem/user/playGameActor#-390988057]] may have terminated unexpectedly, This logging can be turned off or adjusted with configuration settings 'akka.log-dead-letters' and 'akka.log-dead-letters-during-shutdown'.
2018-12-12 15:18:42.853 38046 INFO  akka.actor.RepointableActorRef [thorSystem-akka.actor.default-dispatcher-5] akka://thorSystem/user/playGameActor - Message [org.seekloud.orbs.core.PlayGameActor$DispatchMsg] without sender to Actor[akka://thorSystem/user/playGameActor#-390988057] was not delivered. [9] dead letters encountered. If this is not an expected behavior, then [Actor[akka://thorSystem/user/playGameActor#-390988057]] may have terminated unexpectedly, This logging can be turned off or adjusted with configuration settings 'akka.log-dead-letters' and 'akka.log-dead-letters-during-shutdown'.
2018-12-12 15:18:42.853 38046 INFO  akka.actor.RepointableActorRef [thorSystem-akka.actor.default-dispatcher-5] akka://thorSystem/user/playGameActor - Message [org.seekloud.orbs.core.PlayGameActor$StartGameLoop$] without sender to Actor[akka://thorSystem/user/playGameActor#-390988057] was not delivered. [10] dead letters encountered, no more dead letters will be logged. If this is not an expected behavior, then [Actor[akka://thorSystem/user/playGameActor#-390988057]] may have terminated unexpectedly, This logging can be turned off or adjusted with configuration settings 'akka.log-dead-letters' and 'akka.log-dead-letters-during-shutdown'.
2018-12-12 15:24:16.733 166  INFO  akka.event.slf4j.Slf4jLogger [thorSystem-akka.actor.default-dispatcher-3]  - Slf4jLogger started
2018-12-12 15:24:17.485 918  INFO  com.neo.sk.utils.HttpUtil$ [thorSystem-akka.actor.default-dispatcher-4]  - Get Request [ESheepLink: getLoginInfo] Processing...
2018-12-12 15:24:23.938 7371 INFO  org.seekloud.orbs.core.LoginActor$ [thorSystem-akka.actor.default-dispatcher-2]  - other textMessage：{"HeartBeat":{}}
2018-12-12 15:24:26.716 10149 INFO  org.seekloud.orbs.core.LoginActor$ [thorSystem-akka.actor.default-dispatcher-2]  - Ws4AgentRsp: {"Ws4AgentRsp":{"data":{"userId":10002,"nickname":"Arrow","token":"638e2830ed7ce716447fd99528340f5380051ec4","tokenExpireTime":7200,"headImg":"http://thirdwx.qlogo.cn/mmopen/vi_32/Q0j4TwGTfTLHQUZSdRCcBDQLI49Y1B2z50CLtoVvLmtibKCUAnFV3Z8ibL7mjzOGcAUmlRSaNjlE0ibRuK1G0yvCg/132","gender":2},"errCode":0,"msg":"ok"}}
2018-12-12 15:24:26.749 10182 INFO  com.neo.sk.utils.HttpUtil$ [thorSystem-akka.actor.default-dispatcher-4]  - Post Request [ESheepLink: linkGame(getAccessCode)] Processing...
2018-12-12 15:24:26.814 10247 INFO  org.seekloud.orbs.core.TokenActor$ [thorSystem-akka.actor.default-dispatcher-4]  - init GameInfo success: | ClientJoinGameRsp(JoinGameInfo(UcbKV6yXV54bK7nd8kwKgiPojnbUKr8n,GameServerInfo(10.1.29.250,30376,flowdev.neoap.com)),0,ok)
2018-12-12 15:24:26.825 10258 INFO  com.neo.sk.utils.HttpUtil$ [thorSystem-akka.actor.default-dispatcher-4]  - Post Request [getRoomList-orbs] Processing...
2018-12-12 15:24:28.912 12345 INFO  org.seekloud.orbs.core.LoginActor$ [thorSystem-akka.actor.default-dispatcher-12]  - other textMessage：{"HeartBeat":{}}
2018-12-12 15:24:33.944 17377 INFO  org.seekloud.orbs.core.LoginActor$ [thorSystem-akka.actor.default-dispatcher-2]  - other textMessage：{"HeartBeat":{}}
2018-12-12 15:24:36.787 20220 INFO  org.seekloud.orbs.core.LoginActor$ [thorSystem-akka.actor.default-dispatcher-12]  - webSocket closed
2018-12-12 15:24:52.967 161  INFO  akka.event.slf4j.Slf4jLogger [thorSystem-akka.actor.default-dispatcher-3]  - Slf4jLogger started
2018-12-12 15:24:53.714 908  INFO  com.neo.sk.utils.HttpUtil$ [thorSystem-akka.actor.default-dispatcher-4]  - Get Request [ESheepLink: getLoginInfo] Processing...
2018-12-12 15:25:00.144 7338 INFO  org.seekloud.orbs.core.LoginActor$ [thorSystem-akka.actor.default-dispatcher-3]  - other textMessage：{"HeartBeat":{}}
2018-12-12 15:25:00.237 7431 INFO  org.seekloud.orbs.core.LoginActor$ [thorSystem-akka.actor.default-dispatcher-4]  - Ws4AgentRsp: {"Ws4AgentRsp":{"data":{"userId":10002,"nickname":"Arrow","token":"3126d8a93bd07647fb86cd6bb24db4e276388723","tokenExpireTime":7200,"headImg":"http://thirdwx.qlogo.cn/mmopen/vi_32/Q0j4TwGTfTLHQUZSdRCcBDQLI49Y1B2z50CLtoVvLmtibKCUAnFV3Z8ibL7mjzOGcAUmlRSaNjlE0ibRuK1G0yvCg/132","gender":2},"errCode":0,"msg":"ok"}}
2018-12-12 15:25:00.270 7464 INFO  com.neo.sk.utils.HttpUtil$ [thorSystem-akka.actor.default-dispatcher-3]  - Post Request [ESheepLink: linkGame(getAccessCode)] Processing...
2018-12-12 15:25:00.338 7532 INFO  org.seekloud.orbs.core.TokenActor$ [thorSystem-akka.actor.default-dispatcher-3]  - init GameInfo success: | ClientJoinGameRsp(JoinGameInfo(UkWofS36Ggah6V4LoqQAuDdAvpNnntV1,GameServerInfo(10.1.29.250,30376,flowdev.neoap.com)),0,ok)
2018-12-12 15:25:00.353 7547 INFO  com.neo.sk.utils.HttpUtil$ [thorSystem-akka.actor.default-dispatcher-3]  - Post Request [getRoomList-orbs] Processing...
2018-12-12 15:25:05.112 12306 INFO  org.seekloud.orbs.core.LoginActor$ [thorSystem-akka.actor.default-dispatcher-4]  - other textMessage：{"HeartBeat":{}}
2018-12-12 15:25:10.143 17337 INFO  org.seekloud.orbs.core.LoginActor$ [thorSystem-akka.actor.default-dispatcher-12]  - other textMessage：{"HeartBeat":{}}
2018-12-12 15:25:10.251 17445 INFO  org.seekloud.orbs.core.LoginActor$ [thorSystem-akka.actor.default-dispatcher-12]  - webSocket closed
2018-12-12 15:25:31.415 173  INFO  akka.event.slf4j.Slf4jLogger [thorSystem-akka.actor.default-dispatcher-4]  - Slf4jLogger started
2018-12-12 15:25:32.161 919  INFO  com.neo.sk.utils.HttpUtil$ [thorSystem-akka.actor.default-dispatcher-3]  - Get Request [ESheepLink: getLoginInfo] Processing...
2018-12-12 15:25:37.532 6290 INFO  org.seekloud.orbs.core.LoginActor$ [thorSystem-akka.actor.default-dispatcher-3]  - Ws4AgentRsp: {"Ws4AgentRsp":{"data":{"userId":10002,"nickname":"Arrow","token":"a49960114d537caad82dfa9e051518a3dda0dbe5","tokenExpireTime":7200,"headImg":"http://thirdwx.qlogo.cn/mmopen/vi_32/Q0j4TwGTfTLHQUZSdRCcBDQLI49Y1B2z50CLtoVvLmtibKCUAnFV3Z8ibL7mjzOGcAUmlRSaNjlE0ibRuK1G0yvCg/132","gender":2},"errCode":0,"msg":"ok"}}
2018-12-12 15:25:37.571 6329 INFO  com.neo.sk.utils.HttpUtil$ [thorSystem-akka.actor.default-dispatcher-2]  - Post Request [ESheepLink: linkGame(getAccessCode)] Processing...
2018-12-12 15:25:37.638 6396 INFO  org.seekloud.orbs.core.TokenActor$ [thorSystem-akka.actor.default-dispatcher-2]  - init GameInfo success: | ClientJoinGameRsp(JoinGameInfo(l6qZtchsyTDmNWuKH5COsdz6V14ekcDN,GameServerInfo(10.1.29.250,30376,flowdev.neoap.com)),0,ok)
2018-12-12 15:25:37.650 6408 INFO  com.neo.sk.utils.HttpUtil$ [thorSystem-akka.actor.default-dispatcher-2]  - Post Request [getRoomList-orbs] Processing...
2018-12-12 15:25:38.450 7208 INFO  org.seekloud.orbs.core.LoginActor$ [thorSystem-akka.actor.default-dispatcher-3]  - other textMessage：{"HeartBeat":{}}
2018-12-12 15:25:43.471 12229 INFO  org.seekloud.orbs.core.LoginActor$ [thorSystem-akka.actor.default-dispatcher-2]  - other textMessage：{"HeartBeat":{}}
2018-12-12 15:25:47.525 16283 INFO  org.seekloud.orbs.core.LoginActor$ [thorSystem-akka.actor.default-dispatcher-5]  - webSocket closed
2018-12-12 21:40:20.013 305  INFO  akka.event.slf4j.Slf4jLogger [thorSystem-akka.actor.default-dispatcher-2]  - Slf4jLogger started
2018-12-12 21:40:22.116 2408 INFO  com.neo.sk.utils.HttpUtil$ [thorSystem-akka.actor.default-dispatcher-2]  - Get Request [ESheepLink: getLoginInfo] Processing...
2018-12-12 21:40:29.489 9781 INFO  org.seekloud.orbs.core.LoginActor$ [thorSystem-akka.actor.default-dispatcher-4]  - other textMessage：{"HeartBeat":{}}
2018-12-12 21:40:34.252 14544 INFO  org.seekloud.orbs.core.LoginActor$ [thorSystem-akka.actor.default-dispatcher-2]  - other textMessage：{"HeartBeat":{}}
2018-12-12 21:40:36.220 16512 INFO  org.seekloud.orbs.core.LoginActor$ [thorSystem-akka.actor.default-dispatcher-3]  - Ws4AgentRsp: {"Ws4AgentRsp":{"data":{"userId":10002,"nickname":"Arrow","token":"95b4da49b68e3c7744df355350681540b14bac9b","tokenExpireTime":7200,"headImg":"http://thirdwx.qlogo.cn/mmopen/vi_32/Q0j4TwGTfTLHQUZSdRCcBDQLI49Y1B2z50CLtoVvLmtibKCUAnFV3Z8ibL7mjzOGcAUmlRSaNjlE0ibRuK1G0yvCg/132","gender":2},"errCode":0,"msg":"ok"}}
2018-12-12 21:40:36.417 16709 INFO  com.neo.sk.utils.HttpUtil$ [thorSystem-akka.actor.default-dispatcher-4]  - Post Request [ESheepLink: linkGame(getAccessCode)] Processing...
2018-12-12 21:40:36.608 16900 INFO  org.seekloud.orbs.core.TokenActor$ [thorSystem-akka.actor.default-dispatcher-4]  - init GameInfo success: | ClientJoinGameRsp(JoinGameInfo(D2gLjLIdWJGiUnwOtwSbs4E4ltSRvryx,GameServerInfo(10.1.29.250,30376,flowdev.neoap.com)),0,ok)
2018-12-12 21:40:36.692 16984 INFO  com.neo.sk.utils.HttpUtil$ [thorSystem-akka.actor.default-dispatcher-4]  - Post Request [getRoomList-orbs] Processing...
2018-12-12 21:40:39.273 19565 INFO  org.seekloud.orbs.core.LoginActor$ [thorSystem-akka.actor.default-dispatcher-4]  - other textMessage：{"HeartBeat":{}}
2018-12-12 21:40:44.292 24584 INFO  org.seekloud.orbs.core.LoginActor$ [thorSystem-akka.actor.default-dispatcher-4]  - other textMessage：{"HeartBeat":{}}
2018-12-12 21:40:46.197 26489 INFO  org.seekloud.orbs.core.LoginActor$ [thorSystem-akka.actor.default-dispatcher-4]  - webSocket closed
2018-12-12 21:50:37.185 235  INFO  akka.event.slf4j.Slf4jLogger [thorSystem-akka.actor.default-dispatcher-3]  - Slf4jLogger started
2018-12-12 21:50:38.640 1690 INFO  com.neo.sk.utils.HttpUtil$ [thorSystem-akka.actor.default-dispatcher-7]  - Get Request [ESheepLink: getLoginInfo] Processing...
2018-12-12 21:50:46.281 9331 INFO  org.seekloud.orbs.core.LoginActor$ [thorSystem-akka.actor.default-dispatcher-7]  - other textMessage：{"HeartBeat":{}}
2018-12-12 21:50:51.187 14237 INFO  org.seekloud.orbs.core.LoginActor$ [thorSystem-akka.actor.default-dispatcher-7]  - Ws4AgentRsp: {"Ws4AgentRsp":{"data":{"userId":10002,"nickname":"Arrow","token":"823ef2fa4f4b0f2a7c54e22fe0930a5ad3b0e3e4","tokenExpireTime":7200,"headImg":"http://thirdwx.qlogo.cn/mmopen/vi_32/Q0j4TwGTfTLHQUZSdRCcBDQLI49Y1B2z50CLtoVvLmtibKCUAnFV3Z8ibL7mjzOGcAUmlRSaNjlE0ibRuK1G0yvCg/132","gender":2},"errCode":0,"msg":"ok"}}
2018-12-12 21:50:51.227 14277 INFO  org.seekloud.orbs.core.LoginActor$ [thorSystem-akka.actor.default-dispatcher-2]  - other textMessage：{"HeartBeat":{}}
2018-12-12 21:50:51.287 14337 INFO  com.neo.sk.utils.HttpUtil$ [thorSystem-akka.actor.default-dispatcher-3]  - Post Request [ESheepLink: linkGame(getAccessCode)] Processing...
2018-12-12 21:50:51.349 14399 INFO  org.seekloud.orbs.core.TokenActor$ [thorSystem-akka.actor.default-dispatcher-3]  - init GameInfo success: | ClientJoinGameRsp(JoinGameInfo(I0SV23z0vs3wO5Mz3oYgP5cRMV8bSS2v,GameServerInfo(10.1.29.250,30376,flowdev.neoap.com)),0,ok)
2018-12-12 21:50:51.372 14422 INFO  com.neo.sk.utils.HttpUtil$ [thorSystem-akka.actor.default-dispatcher-3]  - Post Request [getRoomList-orbs] Processing...
2018-12-12 21:50:56.266 19316 INFO  org.seekloud.orbs.core.LoginActor$ [thorSystem-akka.actor.default-dispatcher-3]  - other textMessage：{"HeartBeat":{}}
2018-12-12 21:51:01.335 24385 INFO  org.seekloud.orbs.core.LoginActor$ [thorSystem-akka.actor.default-dispatcher-4]  - webSocket closed
2018-12-12 21:52:21.615 160  INFO  akka.event.slf4j.Slf4jLogger [thorSystem-akka.actor.default-dispatcher-2]  - Slf4jLogger started
2018-12-12 21:52:22.388 933  INFO  com.neo.sk.utils.HttpUtil$ [thorSystem-akka.actor.default-dispatcher-3]  - Get Request [ESheepLink: getLoginInfo] Processing...
2018-12-12 21:52:28.816 7361 INFO  org.seekloud.orbs.core.LoginActor$ [thorSystem-akka.actor.default-dispatcher-3]  - other textMessage：{"HeartBeat":{}}
2018-12-12 21:52:33.166 11711 INFO  org.seekloud.orbs.core.LoginActor$ [thorSystem-akka.actor.default-dispatcher-5]  - Ws4AgentRsp: {"Ws4AgentRsp":{"data":{"userId":10002,"nickname":"Arrow","token":"48df8c18ea0ccd2a7bec89d10b81edbe451fe93f","tokenExpireTime":7200,"headImg":"http://thirdwx.qlogo.cn/mmopen/vi_32/Q0j4TwGTfTLHQUZSdRCcBDQLI49Y1B2z50CLtoVvLmtibKCUAnFV3Z8ibL7mjzOGcAUmlRSaNjlE0ibRuK1G0yvCg/132","gender":2},"errCode":0,"msg":"ok"}}
2018-12-12 21:52:33.248 11793 INFO  com.neo.sk.utils.HttpUtil$ [thorSystem-akka.actor.default-dispatcher-4]  - Post Request [ESheepLink: linkGame(getAccessCode)] Processing...
2018-12-12 21:52:33.300 11845 INFO  org.seekloud.orbs.core.TokenActor$ [thorSystem-akka.actor.default-dispatcher-4]  - init GameInfo success: | ClientJoinGameRsp(JoinGameInfo(B2nXpNhwdLjG9YokIii3yywbun3rPFhj,GameServerInfo(10.1.29.250,30376,flowdev.neoap.com)),0,ok)
2018-12-12 21:52:33.335 11880 INFO  com.neo.sk.utils.HttpUtil$ [thorSystem-akka.actor.default-dispatcher-4]  - Post Request [getRoomList-orbs] Processing...
2018-12-12 21:52:33.788 12333 INFO  org.seekloud.orbs.core.LoginActor$ [thorSystem-akka.actor.default-dispatcher-5]  - other textMessage：{"HeartBeat":{}}
2018-12-12 21:52:38.780 17325 INFO  org.seekloud.orbs.core.LoginActor$ [thorSystem-akka.actor.default-dispatcher-5]  - other textMessage：{"HeartBeat":{}}
2018-12-12 21:52:43.186 21731 INFO  org.seekloud.orbs.core.LoginActor$ [thorSystem-akka.actor.default-dispatcher-4]  - webSocket closed
2018-12-12 21:53:22.975 220  INFO  akka.event.slf4j.Slf4jLogger [thorSystem-akka.actor.default-dispatcher-2]  - Slf4jLogger started
2018-12-12 21:53:24.217 1462 INFO  com.neo.sk.utils.HttpUtil$ [thorSystem-akka.actor.default-dispatcher-6]  - Get Request [ESheepLink: getLoginInfo] Processing...
2018-12-12 21:53:31.656 8901 INFO  org.seekloud.orbs.core.LoginActor$ [thorSystem-akka.actor.default-dispatcher-6]  - other textMessage：{"HeartBeat":{}}
2018-12-12 21:53:32.777 10022 INFO  org.seekloud.orbs.core.LoginActor$ [thorSystem-akka.actor.default-dispatcher-2]  - Ws4AgentRsp: {"Ws4AgentRsp":{"data":{"userId":10002,"nickname":"Arrow","token":"36bab3a4c294303ccf909fe0b0e55a56b45e7414","tokenExpireTime":7200,"headImg":"http://thirdwx.qlogo.cn/mmopen/vi_32/Q0j4TwGTfTLHQUZSdRCcBDQLI49Y1B2z50CLtoVvLmtibKCUAnFV3Z8ibL7mjzOGcAUmlRSaNjlE0ibRuK1G0yvCg/132","gender":2},"errCode":0,"msg":"ok"}}
2018-12-12 21:53:32.848 10093 INFO  com.neo.sk.utils.HttpUtil$ [thorSystem-akka.actor.default-dispatcher-7]  - Post Request [ESheepLink: linkGame(getAccessCode)] Processing...
2018-12-12 21:53:32.882 10127 INFO  org.seekloud.orbs.core.TokenActor$ [thorSystem-akka.actor.default-dispatcher-7]  - init GameInfo success: | ClientJoinGameRsp(JoinGameInfo(pjb1jpyZN6kTFOufklFohCEfAp60uBir,GameServerInfo(10.1.29.250,30376,flowdev.neoap.com)),0,ok)
2018-12-12 21:53:32.902 10147 INFO  com.neo.sk.utils.HttpUtil$ [thorSystem-akka.actor.default-dispatcher-7]  - Post Request [getRoomList-orbs] Processing...
2018-12-12 21:53:36.593 13838 INFO  org.seekloud.orbs.core.LoginActor$ [thorSystem-akka.actor.default-dispatcher-7]  - other textMessage：{"HeartBeat":{}}
2018-12-12 21:53:41.613 18858 INFO  org.seekloud.orbs.core.LoginActor$ [thorSystem-akka.actor.default-dispatcher-2]  - other textMessage：{"HeartBeat":{}}
2018-12-12 21:53:42.787 20032 INFO  org.seekloud.orbs.core.LoginActor$ [thorSystem-akka.actor.default-dispatcher-3]  - webSocket closed
2018-12-12 21:58:53.997 170  INFO  akka.event.slf4j.Slf4jLogger [thorSystem-akka.actor.default-dispatcher-2]  - Slf4jLogger started
2018-12-12 21:58:54.792 965  INFO  com.neo.sk.utils.HttpUtil$ [thorSystem-akka.actor.default-dispatcher-4]  - Get Request [ESheepLink: getLoginInfo] Processing...
2018-12-12 21:59:01.451 7624 INFO  org.seekloud.orbs.core.LoginActor$ [thorSystem-akka.actor.default-dispatcher-3]  - other textMessage：{"HeartBeat":{}}
2018-12-12 21:59:02.283 8456 INFO  org.seekloud.orbs.core.LoginActor$ [thorSystem-akka.actor.default-dispatcher-3]  - Ws4AgentRsp: {"Ws4AgentRsp":{"data":{"userId":10002,"nickname":"Arrow","token":"079b4cb31d78f0dec3654305f9df13c6255f9eef","tokenExpireTime":7200,"headImg":"http://thirdwx.qlogo.cn/mmopen/vi_32/Q0j4TwGTfTLHQUZSdRCcBDQLI49Y1B2z50CLtoVvLmtibKCUAnFV3Z8ibL7mjzOGcAUmlRSaNjlE0ibRuK1G0yvCg/132","gender":2},"errCode":0,"msg":"ok"}}
2018-12-12 21:59:02.353 8526 INFO  com.neo.sk.utils.HttpUtil$ [thorSystem-akka.actor.default-dispatcher-4]  - Post Request [ESheepLink: linkGame(getAccessCode)] Processing...
2018-12-12 21:59:02.410 8583 INFO  org.seekloud.orbs.core.TokenActor$ [thorSystem-akka.actor.default-dispatcher-4]  - init GameInfo success: | ClientJoinGameRsp(JoinGameInfo(3k049c9DI4x0PjO706ruEbeJPNWqfXbg,GameServerInfo(10.1.29.250,30376,flowdev.neoap.com)),0,ok)
2018-12-12 21:59:02.435 8608 INFO  com.neo.sk.utils.HttpUtil$ [thorSystem-akka.actor.default-dispatcher-4]  - Post Request [getRoomList-orbs] Processing...
2018-12-12 21:59:06.366 12539 INFO  org.seekloud.orbs.core.LoginActor$ [thorSystem-akka.actor.default-dispatcher-12]  - other textMessage：{"HeartBeat":{}}
2018-12-12 21:59:11.318 17491 INFO  org.seekloud.orbs.core.LoginActor$ [thorSystem-akka.actor.default-dispatcher-5]  - other textMessage：{"HeartBeat":{}}
2018-12-12 21:59:12.224 18397 INFO  org.seekloud.orbs.core.LoginActor$ [thorSystem-akka.actor.default-dispatcher-2]  - webSocket closed
2018-12-12 22:11:04.129 147  INFO  akka.event.slf4j.Slf4jLogger [thorSystem-akka.actor.default-dispatcher-2]  - Slf4jLogger started
2018-12-12 22:11:04.841 859  INFO  com.neo.sk.utils.HttpUtil$ [thorSystem-akka.actor.default-dispatcher-3]  - Get Request [ESheepLink: getLoginInfo] Processing...
2018-12-12 22:11:11.628 7646 INFO  org.seekloud.orbs.core.LoginActor$ [thorSystem-akka.actor.default-dispatcher-3]  - other textMessage：{"HeartBeat":{}}
2018-12-12 22:11:16.625 12643 INFO  org.seekloud.orbs.core.LoginActor$ [thorSystem-akka.actor.default-dispatcher-4]  - other textMessage：{"HeartBeat":{}}
2018-12-12 22:11:21.642 17660 INFO  org.seekloud.orbs.core.LoginActor$ [thorSystem-akka.actor.default-dispatcher-3]  - other textMessage：{"HeartBeat":{}}
2018-12-12 22:11:26.821 22839 INFO  org.seekloud.orbs.core.LoginActor$ [thorSystem-akka.actor.default-dispatcher-3]  - other textMessage：{"HeartBeat":{}}
2018-12-12 22:11:31.735 27753 INFO  org.seekloud.orbs.core.LoginActor$ [thorSystem-akka.actor.default-dispatcher-3]  - other textMessage：{"HeartBeat":{}}
2018-12-12 22:11:36.835 32853 INFO  org.seekloud.orbs.core.LoginActor$ [thorSystem-akka.actor.default-dispatcher-2]  - other textMessage：{"HeartBeat":{}}
2018-12-12 22:11:41.748 37766 INFO  org.seekloud.orbs.core.LoginActor$ [thorSystem-akka.actor.default-dispatcher-2]  - other textMessage：{"HeartBeat":{}}
2018-12-12 22:11:46.832 42850 INFO  org.seekloud.orbs.core.LoginActor$ [thorSystem-akka.actor.default-dispatcher-4]  - other textMessage：{"HeartBeat":{}}
2018-12-12 22:11:51.806 47824 INFO  org.seekloud.orbs.core.LoginActor$ [thorSystem-akka.actor.default-dispatcher-4]  - other textMessage：{"HeartBeat":{}}
2018-12-12 22:11:54.667 50685 INFO  org.seekloud.orbs.core.LoginActor$ [thorSystem-akka.actor.default-dispatcher-3]  - Ws4AgentRsp: {"Ws4AgentRsp":{"data":{"userId":10002,"nickname":"Arrow","token":"a6177f7452b3aca33d2d98530f3161c6ae709b0e","tokenExpireTime":7200,"headImg":"http://thirdwx.qlogo.cn/mmopen/vi_32/Q0j4TwGTfTLHQUZSdRCcBDQLI49Y1B2z50CLtoVvLmtibKCUAnFV3Z8ibL7mjzOGcAUmlRSaNjlE0ibRuK1G0yvCg/132","gender":2},"errCode":0,"msg":"ok"}}
2018-12-12 22:11:54.700 50718 INFO  com.neo.sk.utils.HttpUtil$ [thorSystem-akka.actor.default-dispatcher-4]  - Post Request [ESheepLink: linkGame(getAccessCode)] Processing...
2018-12-12 22:11:54.969 50987 INFO  org.seekloud.orbs.core.TokenActor$ [thorSystem-akka.actor.default-dispatcher-4]  - init GameInfo success: | ClientJoinGameRsp(JoinGameInfo(FmTLWhAL2foRwq5hsneZfWBr0bUBIUHL,GameServerInfo(10.1.29.250,30376,flowdev.neoap.com)),0,ok)
2018-12-12 22:11:54.981 50999 INFO  com.neo.sk.utils.HttpUtil$ [thorSystem-akka.actor.default-dispatcher-4]  - Post Request [getRoomList-orbs] Processing...
2018-12-12 22:11:56.857 52875 INFO  org.seekloud.orbs.core.LoginActor$ [thorSystem-akka.actor.default-dispatcher-3]  - other textMessage：{"HeartBeat":{}}
2018-12-12 22:12:02.088 58106 INFO  org.seekloud.orbs.core.LoginActor$ [thorSystem-akka.actor.default-dispatcher-14]  - other textMessage：{"HeartBeat":{}}
2018-12-12 22:12:04.697 60715 INFO  org.seekloud.orbs.core.LoginActor$ [thorSystem-akka.actor.default-dispatcher-3]  - webSocket closed
2018-12-12 22:16:25.540 153  INFO  akka.event.slf4j.Slf4jLogger [thorSystem-akka.actor.default-dispatcher-3]  - Slf4jLogger started
2018-12-12 22:16:26.532 1145 INFO  com.neo.sk.utils.HttpUtil$ [thorSystem-akka.actor.default-dispatcher-2]  - Get Request [ESheepLink: getLoginInfo] Processing...
2018-12-12 22:16:33.282 7895 INFO  org.seekloud.orbs.core.LoginActor$ [thorSystem-akka.actor.default-dispatcher-2]  - other textMessage：{"HeartBeat":{}}
2018-12-12 22:16:35.785 10398 INFO  org.seekloud.orbs.core.LoginActor$ [thorSystem-akka.actor.default-dispatcher-4]  - Ws4AgentRsp: {"Ws4AgentRsp":{"data":{"userId":10002,"nickname":"Arrow","token":"931afdd9fca4b9cea2e8bf8723d9f1a4ad93f28a","tokenExpireTime":7200,"headImg":"http://thirdwx.qlogo.cn/mmopen/vi_32/Q0j4TwGTfTLHQUZSdRCcBDQLI49Y1B2z50CLtoVvLmtibKCUAnFV3Z8ibL7mjzOGcAUmlRSaNjlE0ibRuK1G0yvCg/132","gender":2},"errCode":0,"msg":"ok"}}
2018-12-12 22:16:35.884 10497 INFO  com.neo.sk.utils.HttpUtil$ [thorSystem-akka.actor.default-dispatcher-2]  - Post Request [ESheepLink: linkGame(getAccessCode)] Processing...
2018-12-12 22:16:35.939 10552 INFO  org.seekloud.orbs.core.TokenActor$ [thorSystem-akka.actor.default-dispatcher-2]  - init GameInfo success: | ClientJoinGameRsp(JoinGameInfo(b2enQJT0AKjVwD86hOHMFTAULgkfy8JF,GameServerInfo(10.1.29.250,30376,flowdev.neoap.com)),0,ok)
2018-12-12 22:16:35.976 10589 INFO  com.neo.sk.utils.HttpUtil$ [thorSystem-akka.actor.default-dispatcher-2]  - Post Request [getRoomList-orbs] Processing...
2018-12-12 22:16:38.168 12781 INFO  org.seekloud.orbs.core.LoginActor$ [thorSystem-akka.actor.default-dispatcher-2]  - other textMessage：{"HeartBeat":{}}
2018-12-12 22:16:43.193 17806 INFO  org.seekloud.orbs.core.LoginActor$ [thorSystem-akka.actor.default-dispatcher-4]  - other textMessage：{"HeartBeat":{}}
2018-12-12 22:16:45.725 20338 INFO  org.seekloud.orbs.core.LoginActor$ [thorSystem-akka.actor.default-dispatcher-4]  - webSocket closed
2018-12-12 22:24:28.857 150  INFO  akka.event.slf4j.Slf4jLogger [thorSystem-akka.actor.default-dispatcher-2]  - Slf4jLogger started
2018-12-12 22:24:29.666 959  INFO  com.neo.sk.utils.HttpUtil$ [thorSystem-akka.actor.default-dispatcher-3]  - Get Request [ESheepLink: getLoginInfo] Processing...
2018-12-12 22:24:36.514 7807 INFO  org.seekloud.orbs.core.LoginActor$ [thorSystem-akka.actor.default-dispatcher-3]  - other textMessage：{"HeartBeat":{}}
2018-12-12 22:24:41.466 12759 INFO  org.seekloud.orbs.core.LoginActor$ [thorSystem-akka.actor.default-dispatcher-3]  - Ws4AgentRsp: {"Ws4AgentRsp":{"data":{"userId":10002,"nickname":"Arrow","token":"e492f238042fe8b3d8eeea7817cb2c4b56235efc","tokenExpireTime":7200,"headImg":"http://thirdwx.qlogo.cn/mmopen/vi_32/Q0j4TwGTfTLHQUZSdRCcBDQLI49Y1B2z50CLtoVvLmtibKCUAnFV3Z8ibL7mjzOGcAUmlRSaNjlE0ibRuK1G0yvCg/132","gender":2},"errCode":0,"msg":"ok"}}
2018-12-12 22:24:41.474 12767 INFO  org.seekloud.orbs.core.LoginActor$ [thorSystem-akka.actor.default-dispatcher-3]  - other textMessage：{"HeartBeat":{}}
2018-12-12 22:24:41.569 12862 INFO  com.neo.sk.utils.HttpUtil$ [thorSystem-akka.actor.default-dispatcher-2]  - Post Request [ESheepLink: linkGame(getAccessCode)] Processing...
2018-12-12 22:24:41.630 12923 INFO  org.seekloud.orbs.core.TokenActor$ [thorSystem-akka.actor.default-dispatcher-2]  - init GameInfo success: | ClientJoinGameRsp(JoinGameInfo(JZedGR3xiXJSIm2GZ83z6fVqZqeP8tIy,GameServerInfo(10.1.29.250,30376,flowdev.neoap.com)),0,ok)
2018-12-12 22:24:41.661 12954 INFO  com.neo.sk.utils.HttpUtil$ [thorSystem-akka.actor.default-dispatcher-2]  - Post Request [getRoomList-orbs] Processing...
2018-12-12 22:24:46.404 17697 INFO  org.seekloud.orbs.core.LoginActor$ [thorSystem-akka.actor.default-dispatcher-4]  - other textMessage：{"HeartBeat":{}}
2018-12-12 22:24:51.357 22650 INFO  org.seekloud.orbs.core.LoginActor$ [thorSystem-akka.actor.default-dispatcher-4]  - webSocket closed
2018-12-12 22:29:01.403 203  INFO  akka.event.slf4j.Slf4jLogger [thorSystem-akka.actor.default-dispatcher-3]  - Slf4jLogger started
2018-12-12 22:29:02.275 1075 INFO  com.neo.sk.utils.HttpUtil$ [thorSystem-akka.actor.default-dispatcher-2]  - Get Request [ESheepLink: getLoginInfo] Processing...
2018-12-12 22:29:09.007 7807 INFO  org.seekloud.orbs.core.LoginActor$ [thorSystem-akka.actor.default-dispatcher-2]  - other textMessage：{"HeartBeat":{}}
2018-12-12 22:29:09.549 8349 INFO  org.seekloud.orbs.core.LoginActor$ [thorSystem-akka.actor.default-dispatcher-2]  - Ws4AgentRsp: {"Ws4AgentRsp":{"data":{"userId":10002,"nickname":"Arrow","token":"794de10c13a5217522dca30a1d0e19184a9d1e0c","tokenExpireTime":7200,"headImg":"http://thirdwx.qlogo.cn/mmopen/vi_32/Q0j4TwGTfTLHQUZSdRCcBDQLI49Y1B2z50CLtoVvLmtibKCUAnFV3Z8ibL7mjzOGcAUmlRSaNjlE0ibRuK1G0yvCg/132","gender":2},"errCode":0,"msg":"ok"}}
2018-12-12 22:29:09.654 8454 INFO  com.neo.sk.utils.HttpUtil$ [thorSystem-akka.actor.default-dispatcher-4]  - Post Request [ESheepLink: linkGame(getAccessCode)] Processing...
2018-12-12 22:29:09.711 8511 INFO  org.seekloud.orbs.core.TokenActor$ [thorSystem-akka.actor.default-dispatcher-4]  - init GameInfo success: | ClientJoinGameRsp(JoinGameInfo(JcMArSyEA2HVnOLcm1xBXIcOOUCy8mzA,GameServerInfo(10.1.29.250,30376,flowdev.neoap.com)),0,ok)
2018-12-12 22:29:09.730 8530 INFO  com.neo.sk.utils.HttpUtil$ [thorSystem-akka.actor.default-dispatcher-4]  - Post Request [getRoomList-orbs] Processing...
2018-12-12 22:29:13.943 12743 INFO  org.seekloud.orbs.core.LoginActor$ [thorSystem-akka.actor.default-dispatcher-2]  - other textMessage：{"HeartBeat":{}}
2018-12-12 22:29:18.963 17763 INFO  org.seekloud.orbs.core.LoginActor$ [thorSystem-akka.actor.default-dispatcher-4]  - other textMessage：{"HeartBeat":{}}
2018-12-12 22:29:19.501 18301 INFO  org.seekloud.orbs.core.LoginActor$ [thorSystem-akka.actor.default-dispatcher-3]  - webSocket closed
2018-12-12 22:29:41.322 152  INFO  akka.event.slf4j.Slf4jLogger [thorSystem-akka.actor.default-dispatcher-3]  - Slf4jLogger started
2018-12-12 22:29:42.191 1021 INFO  com.neo.sk.utils.HttpUtil$ [thorSystem-akka.actor.default-dispatcher-2]  - Get Request [ESheepLink: getLoginInfo] Processing...
2018-12-12 22:29:48.841 7671 INFO  org.seekloud.orbs.core.LoginActor$ [thorSystem-akka.actor.default-dispatcher-4]  - other textMessage：{"HeartBeat":{}}
2018-12-12 22:29:49.383 8213 INFO  org.seekloud.orbs.core.LoginActor$ [thorSystem-akka.actor.default-dispatcher-4]  - Ws4AgentRsp: {"Ws4AgentRsp":{"data":{"userId":10002,"nickname":"Arrow","token":"4fe46e6788c6df81f843d92cb53c957b8be8ba90","tokenExpireTime":7200,"headImg":"http://thirdwx.qlogo.cn/mmopen/vi_32/Q0j4TwGTfTLHQUZSdRCcBDQLI49Y1B2z50CLtoVvLmtibKCUAnFV3Z8ibL7mjzOGcAUmlRSaNjlE0ibRuK1G0yvCg/132","gender":2},"errCode":0,"msg":"ok"}}
2018-12-12 22:29:49.486 8316 INFO  com.neo.sk.utils.HttpUtil$ [thorSystem-akka.actor.default-dispatcher-2]  - Post Request [ESheepLink: linkGame(getAccessCode)] Processing...
2018-12-12 22:29:49.546 8376 INFO  org.seekloud.orbs.core.TokenActor$ [thorSystem-akka.actor.default-dispatcher-2]  - init GameInfo success: | ClientJoinGameRsp(JoinGameInfo(uL23IjkDNUWxFbGyemrXvEro4Ljrbqix,GameServerInfo(10.1.29.250,30376,flowdev.neoap.com)),0,ok)
2018-12-12 22:29:49.582 8412 INFO  com.neo.sk.utils.HttpUtil$ [thorSystem-akka.actor.default-dispatcher-2]  - Post Request [getRoomList-orbs] Processing...
2018-12-12 22:29:53.763 12593 INFO  org.seekloud.orbs.core.LoginActor$ [thorSystem-akka.actor.default-dispatcher-2]  - other textMessage：{"HeartBeat":{}}
2018-12-12 22:29:58.787 17617 INFO  org.seekloud.orbs.core.LoginActor$ [thorSystem-akka.actor.default-dispatcher-2]  - other textMessage：{"HeartBeat":{}}
2018-12-12 22:29:59.357 18187 INFO  org.seekloud.orbs.core.LoginActor$ [thorSystem-akka.actor.default-dispatcher-5]  - webSocket closed
2018-12-12 22:41:38.386 158  INFO  akka.event.slf4j.Slf4jLogger [thorSystem-akka.actor.default-dispatcher-3]  - Slf4jLogger started
2018-12-12 22:41:39.242 1014 INFO  com.neo.sk.utils.HttpUtil$ [thorSystem-akka.actor.default-dispatcher-4]  - Get Request [ESheepLink: getLoginInfo] Processing...
2018-12-12 22:41:45.940 7712 INFO  org.seekloud.orbs.core.LoginActor$ [thorSystem-akka.actor.default-dispatcher-4]  - other textMessage：{"HeartBeat":{}}
2018-12-12 22:41:47.550 9322 INFO  org.seekloud.orbs.core.LoginActor$ [thorSystem-akka.actor.default-dispatcher-4]  - Ws4AgentRsp: {"Ws4AgentRsp":{"data":{"userId":10002,"nickname":"Arrow","token":"211125e1f19be90c6c92e22bcb3a0b5eeca73a18","tokenExpireTime":7200,"headImg":"http://thirdwx.qlogo.cn/mmopen/vi_32/Q0j4TwGTfTLHQUZSdRCcBDQLI49Y1B2z50CLtoVvLmtibKCUAnFV3Z8ibL7mjzOGcAUmlRSaNjlE0ibRuK1G0yvCg/132","gender":2},"errCode":0,"msg":"ok"}}
2018-12-12 22:41:47.653 9425 INFO  com.neo.sk.utils.HttpUtil$ [thorSystem-akka.actor.default-dispatcher-2]  - Post Request [ESheepLink: linkGame(getAccessCode)] Processing...
2018-12-12 22:41:47.710 9482 INFO  org.seekloud.orbs.core.TokenActor$ [thorSystem-akka.actor.default-dispatcher-2]  - init GameInfo success: | ClientJoinGameRsp(JoinGameInfo(zttw0qqWVbCVQbRazQvkgWaMEvN23j0j,GameServerInfo(10.1.29.250,30376,flowdev.neoap.com)),0,ok)
2018-12-12 22:41:47.739 9511 INFO  com.neo.sk.utils.HttpUtil$ [thorSystem-akka.actor.default-dispatcher-2]  - Post Request [getRoomList-orbs] Processing...
2018-12-12 22:41:50.827 12599 INFO  org.seekloud.orbs.core.LoginActor$ [thorSystem-akka.actor.default-dispatcher-4]  - other textMessage：{"HeartBeat":{}}
2018-12-12 22:41:55.850 17622 INFO  org.seekloud.orbs.core.LoginActor$ [thorSystem-akka.actor.default-dispatcher-2]  - other textMessage：{"HeartBeat":{}}
2018-12-12 22:41:57.560 19332 INFO  org.seekloud.orbs.core.LoginActor$ [thorSystem-akka.actor.default-dispatcher-13]  - webSocket closed
2018-12-12 22:45:19.736 201  INFO  akka.event.slf4j.Slf4jLogger [thorSystem-akka.actor.default-dispatcher-2]  - Slf4jLogger started
2018-12-12 22:45:20.597 1062 INFO  com.neo.sk.utils.HttpUtil$ [thorSystem-akka.actor.default-dispatcher-3]  - Get Request [ESheepLink: getLoginInfo] Processing...
2018-12-12 22:45:27.521 7986 INFO  org.seekloud.orbs.core.LoginActor$ [thorSystem-akka.actor.default-dispatcher-3]  - other textMessage：{"HeartBeat":{}}
2018-12-12 22:45:29.385 9850 INFO  org.seekloud.orbs.core.LoginActor$ [thorSystem-akka.actor.default-dispatcher-5]  - Ws4AgentRsp: {"Ws4AgentRsp":{"data":{"userId":10002,"nickname":"Arrow","token":"40ac0f9609fa5f7fd902a05e19dfdb4617803b66","tokenExpireTime":7200,"headImg":"http://thirdwx.qlogo.cn/mmopen/vi_32/Q0j4TwGTfTLHQUZSdRCcBDQLI49Y1B2z50CLtoVvLmtibKCUAnFV3Z8ibL7mjzOGcAUmlRSaNjlE0ibRuK1G0yvCg/132","gender":2},"errCode":0,"msg":"ok"}}
2018-12-12 22:45:29.434 9899 INFO  com.neo.sk.utils.HttpUtil$ [thorSystem-akka.actor.default-dispatcher-3]  - Post Request [ESheepLink: linkGame(getAccessCode)] Processing...
2018-12-12 22:45:29.475 9940 INFO  org.seekloud.orbs.core.TokenActor$ [thorSystem-akka.actor.default-dispatcher-3]  - init GameInfo success: | ClientJoinGameRsp(JoinGameInfo(6CPIAa7UAwNt6l7yfEJrMygt7pVTIgfM,GameServerInfo(10.1.29.250,30376,flowdev.neoap.com)),0,ok)
2018-12-12 22:45:29.495 9960 INFO  com.neo.sk.utils.HttpUtil$ [thorSystem-akka.actor.default-dispatcher-3]  - Post Request [getRoomList-orbs] Processing...
2018-12-12 22:45:32.475 12940 INFO  org.seekloud.orbs.core.LoginActor$ [thorSystem-akka.actor.default-dispatcher-5]  - other textMessage：{"HeartBeat":{}}
2018-12-12 22:45:37.490 17955 INFO  org.seekloud.orbs.core.LoginActor$ [thorSystem-akka.actor.default-dispatcher-2]  - other textMessage：{"HeartBeat":{}}
2018-12-12 22:45:39.443 19908 INFO  org.seekloud.orbs.core.LoginActor$ [thorSystem-akka.actor.default-dispatcher-2]  - webSocket closed
2018-12-12 22:46:00.723 164  INFO  akka.event.slf4j.Slf4jLogger [thorSystem-akka.actor.default-dispatcher-3]  - Slf4jLogger started
2018-12-12 22:46:01.484 925  INFO  com.neo.sk.utils.HttpUtil$ [thorSystem-akka.actor.default-dispatcher-4]  - Get Request [ESheepLink: getLoginInfo] Processing...
2018-12-12 22:46:07.935 7376 INFO  org.seekloud.orbs.core.LoginActor$ [thorSystem-akka.actor.default-dispatcher-3]  - other textMessage：{"HeartBeat":{}}
2018-12-12 22:46:08.326 7767 INFO  org.seekloud.orbs.core.LoginActor$ [thorSystem-akka.actor.default-dispatcher-5]  - Ws4AgentRsp: {"Ws4AgentRsp":{"data":{"userId":10002,"nickname":"Arrow","token":"903d7baa25db1cbaa4951ac22b94d49994595ccf","tokenExpireTime":7200,"headImg":"http://thirdwx.qlogo.cn/mmopen/vi_32/Q0j4TwGTfTLHQUZSdRCcBDQLI49Y1B2z50CLtoVvLmtibKCUAnFV3Z8ibL7mjzOGcAUmlRSaNjlE0ibRuK1G0yvCg/132","gender":2},"errCode":0,"msg":"ok"}}
2018-12-12 22:46:08.414 7855 INFO  com.neo.sk.utils.HttpUtil$ [thorSystem-akka.actor.default-dispatcher-3]  - Post Request [ESheepLink: linkGame(getAccessCode)] Processing...
2018-12-12 22:46:08.475 7916 INFO  org.seekloud.orbs.core.TokenActor$ [thorSystem-akka.actor.default-dispatcher-3]  - init GameInfo success: | ClientJoinGameRsp(JoinGameInfo(NKqiLhsao1UM6KJpbHXrnNUAJTZkgZoY,GameServerInfo(10.1.29.250,30376,flowdev.neoap.com)),0,ok)
2018-12-12 22:46:08.506 7947 INFO  com.neo.sk.utils.HttpUtil$ [thorSystem-akka.actor.default-dispatcher-3]  - Post Request [getRoomList-orbs] Processing...
2018-12-12 22:46:12.928 12369 INFO  org.seekloud.orbs.core.LoginActor$ [thorSystem-akka.actor.default-dispatcher-5]  - other textMessage：{"HeartBeat":{}}
2018-12-12 22:46:17.876 17317 INFO  org.seekloud.orbs.core.LoginActor$ [thorSystem-akka.actor.default-dispatcher-5]  - other textMessage：{"HeartBeat":{}}
2018-12-12 22:46:18.241 17682 INFO  org.seekloud.orbs.core.LoginActor$ [thorSystem-akka.actor.default-dispatcher-3]  - webSocket closed
